21:12:08   
21:12:08   *** EXCEPTION ***
21:12:08   Ссылка на объект не указывает на экземпляр объекта.
21:12:08      в Kalina.Soliton.Q15E1839CF.DoConnectContactChange(ConnectArgs arg)
   в Uniso.AbcNet.Contact.Connection(AbsContact c)
21:12:08   *** EXCEPTION ***
21:12:08   
21:12:08   
21:12:08   *** EXCEPTION ***
21:12:08   Ссылка на объект не указывает на экземпляр объекта.
21:12:08      в Kalina.Soliton.Q15E1839CF.DoConnectContactChange(ConnectArgs arg)
   в Uniso.AbcNet.Contact.Connection(AbsContact c)
21:12:08   *** EXCEPTION ***
21:12:08   
21:12:08   
21:12:08   *** EXCEPTION ***
21:12:08   Ссылка на объект не указывает на экземпляр объекта.
21:12:08      в Kalina.Soliton.Q15E1839CF.DoConnectContactChange(ConnectArgs arg)
   в Uniso.AbcNet.Contact.Connection(AbsContact c)
21:12:08   *** EXCEPTION ***
21:12:08   
21:12:08   
21:12:08   *** EXCEPTION ***
21:12:08   Ссылка на объект не указывает на экземпляр объекта.
21:12:08      в Kalina.Soliton.Q15E1839CF.DoConnectContactChange(ConnectArgs arg)
   в Uniso.AbcNet.Contact.Connection(AbsContact c)
21:12:08   *** EXCEPTION ***
21:12:08   
21:12:08   
21:12:08   *** EXCEPTION ***
21:12:08   Ссылка на объект не указывает на экземпляр объекта.
21:12:08      в Kalina.Soliton.Q15E1839CF.DoConnectContactChange(ConnectArgs arg)
   в Uniso.AbcNet.Contact.Connection(AbsContact c)
21:12:08   *** EXCEPTION ***
21:12:08   
21:12:08   
21:12:08   *** EXCEPTION ***
21:12:08   Ссылка на объект не указывает на экземпляр объекта.
21:12:08      в Kalina.Soliton.Q15E1839CF.DoConnectContactChange(ConnectArgs arg)
   в Uniso.AbcNet.Contact.Connection(AbsContact c)
21:12:08   *** EXCEPTION ***
21:12:08   
21:12:08   
21:12:08   *** EXCEPTION ***
21:12:08   Ссылка на объект не указывает на экземпляр объекта.
21:12:08      в Kalina.Soliton.Q15E1839CF.DoConnectContactChange(ConnectArgs arg)
   в Uniso.AbcNet.Contact.Connection(AbsContact c)
21:12:08   *** EXCEPTION ***
21:12:08   
21:12:08   
21:12:08   *** EXCEPTION ***
21:12:08   Ссылка на объект не указывает на экземпляр объекта.
21:12:08      в Kalina.Soliton.Q15E1839CF.DoConnectContactChange(ConnectArgs arg)
   в Uniso.AbcNet.Contact.Connection(AbsContact c)
21:12:08   *** EXCEPTION ***
21:12:08   
21:12:08   
21:12:08   *** EXCEPTION ***
21:12:08   Ссылка на объект не указывает на экземпляр объекта.
21:12:08      в Kalina.Soliton.Q15E1839CF.DoConnectContactChange(ConnectArgs arg)
   в Uniso.AbcNet.Contact.Connection(AbsContact c)
21:12:08   *** EXCEPTION ***
21:12:08   
21:12:08   
21:12:08   *** EXCEPTION ***
21:12:08   Ссылка на объект не указывает на экземпляр объекта.
21:12:08      в Kalina.Soliton.Q15E1839CF.DoConnectContactChange(ConnectArgs arg)
   в Uniso.AbcNet.Contact.Connection(AbsContact c)
21:12:08   *** EXCEPTION ***
21:12:08   
21:22:59   
21:22:59   *** EXCEPTION ***
21:22:59   Ссылка на объект не указывает на экземпляр объекта.
21:22:59      в Kalina.Soliton.Q15E1839CF.DoConnectContactChange(ConnectArgs arg)
   в Uniso.AbcNet.Contact.Connection(AbsContact c)
21:22:59   *** EXCEPTION ***
21:22:59   
21:22:59   
21:22:59   *** EXCEPTION ***
21:22:59   Ссылка на объект не указывает на экземпляр объекта.
21:22:59      в Kalina.Soliton.Q15E1839CF.DoConnectContactChange(ConnectArgs arg)
   в Uniso.AbcNet.Contact.Connection(AbsContact c)
21:22:59   *** EXCEPTION ***
21:22:59   
21:22:59   
21:22:59   *** EXCEPTION ***
21:22:59   Ссылка на объект не указывает на экземпляр объекта.
21:22:59      в Kalina.Soliton.Q15E1839CF.DoConnectContactChange(ConnectArgs arg)
   в Uniso.AbcNet.Contact.Connection(AbsContact c)
21:22:59   *** EXCEPTION ***
21:22:59   
21:22:59   
21:22:59   *** EXCEPTION ***
21:22:59   Ссылка на объект не указывает на экземпляр объекта.
21:22:59      в Kalina.Soliton.Q15E1839CF.DoConnectContactChange(ConnectArgs arg)
   в Uniso.AbcNet.Contact.Connection(AbsContact c)
21:22:59   *** EXCEPTION ***
21:22:59   
21:22:59   
21:22:59   *** EXCEPTION ***
21:22:59   Ссылка на объект не указывает на экземпляр объекта.
21:22:59      в Kalina.Soliton.Q15E1839CF.DoConnectContactChange(ConnectArgs arg)
   в Uniso.AbcNet.Contact.Connection(AbsContact c)
21:22:59   *** EXCEPTION ***
21:22:59   
21:22:59   
21:22:59   *** EXCEPTION ***
21:22:59   Ссылка на объект не указывает на экземпляр объекта.
21:22:59      в Kalina.Soliton.Q15E1839CF.DoConnectContactChange(ConnectArgs arg)
   в Uniso.AbcNet.Contact.Connection(AbsContact c)
21:22:59   *** EXCEPTION ***
21:22:59   
21:22:59   
21:22:59   *** EXCEPTION ***
21:22:59   Ссылка на объект не указывает на экземпляр объекта.
21:22:59      в Kalina.Soliton.Q15E1839CF.DoConnectContactChange(ConnectArgs arg)
   в Uniso.AbcNet.Contact.Connection(AbsContact c)
21:22:59   *** EXCEPTION ***
21:22:59   
21:22:59   
21:22:59   *** EXCEPTION ***
21:22:59   Ссылка на объект не указывает на экземпляр объекта.
21:22:59      в Kalina.Soliton.Q15E1839CF.DoConnectContactChange(ConnectArgs arg)
   в Uniso.AbcNet.Contact.Connection(AbsContact c)
21:22:59   *** EXCEPTION ***
21:22:59   
21:22:59   
21:22:59   *** EXCEPTION ***
21:22:59   Ссылка на объект не указывает на экземпляр объекта.
21:22:59      в Kalina.Soliton.Q15E1839CF.DoConnectContactChange(ConnectArgs arg)
   в Uniso.AbcNet.Contact.Connection(AbsContact c)
21:22:59   *** EXCEPTION ***
21:22:59   
21:22:59   
21:22:59   *** EXCEPTION ***
21:22:59   Ссылка на объект не указывает на экземпляр объекта.
21:22:59      в Kalina.Soliton.Q15E1839CF.DoConnectContactChange(ConnectArgs arg)
   в Uniso.AbcNet.Contact.Connection(AbsContact c)
21:22:59   *** EXCEPTION ***
21:22:59   
