12:45:50   
12:45:50   *** EXCEPTION ***
12:45:50   Thread was interrupted from a waiting state.
12:45:50      at System.Threading.Thread.SleepInternal(Int32 millisecondsTimeout)
   at Kalina.Managed.EivMng.MessagesHandlingRun()
12:45:50   *** EXCEPTION ***
12:45:50   
12:46:46   SEND_PORT_CONNECT.1 <PORT=225500;CONNECT=225290;>
12:46:46   SEND_PORT_CONNECT.2 <PORT=225500;CONNECT=225290;>
12:46:46   SEND_PORT_CONNECT.1 <PORT=225501;CONNECT=225291;>
12:46:46   SEND_PORT_CONNECT.2 <PORT=225501;CONNECT=225291;>
12:46:46   SEND_PORT_CONNECT.1 <PORT=225502;CONNECT=225292;>
12:46:46   SEND_PORT_CONNECT.2 <PORT=225502;CONNECT=225292;>
12:46:46   SEND_PORT_CONNECT.1 <PORT=225503;CONNECT=225293;>
12:46:46   SEND_PORT_CONNECT.2 <PORT=225503;CONNECT=225293;>
12:46:46   SEND_PORT_CONNECT.1 <PORT=225504;CONNECT=225294;>
12:46:46   SEND_PORT_CONNECT.2 <PORT=225504;CONNECT=225294;>
12:46:46   SEND_PORT_CONNECT.1 <PORT=225505;CONNECT=225295;>
12:46:46   SEND_PORT_CONNECT.2 <PORT=225505;CONNECT=225295;>
12:46:46   SEND_PORT_CONNECT.1 <PORT=225506;CONNECT=225296;>
12:46:46   SEND_PORT_CONNECT.2 <PORT=225506;CONNECT=225296;>
12:46:46   SEND_PORT_CONNECT.1 <PORT=225507;CONNECT=225297;>
12:46:46   SEND_PORT_CONNECT.2 <PORT=225507;CONNECT=225297;>
12:46:46   SEND_PORT_CONNECT.1 <PORT=225508;CONNECT=225298;>
12:46:46   SEND_PORT_CONNECT.2 <PORT=225508;CONNECT=225298;>
12:46:46   SEND_PORT_CONNECT.1 <PORT=225509;CONNECT=225299;>
12:46:46   SEND_PORT_CONNECT.2 <PORT=225509;CONNECT=225299;>
12:46:46   SEND_PORT_CONNECT.1 <PORT=225510;CONNECT=225300;>
12:46:46   SEND_PORT_CONNECT.2 <PORT=225510;CONNECT=225300;>
12:46:46   SEND_PORT_CONNECT.1 <PORT=225511;CONNECT=225301;>
12:46:46   SEND_PORT_CONNECT.2 <PORT=225511;CONNECT=225301;>
12:46:46   SEND_PORT_CONNECT.1 <PORT=225512;CONNECT=225302;>
12:46:46   SEND_PORT_CONNECT.2 <PORT=225512;CONNECT=225302;>
12:46:46   SEND_PORT_CONNECT.1 <PORT=225513;CONNECT=225303;>
12:46:46   SEND_PORT_CONNECT.2 <PORT=225513;CONNECT=225303;>
12:46:46   SEND_PORT_CONNECT.1 <PORT=225514;CONNECT=225304;>
12:46:46   SEND_PORT_CONNECT.2 <PORT=225514;CONNECT=225304;>
12:46:46   SEND_PORT_CONNECT.1 <PORT=225515;CONNECT=225305;>
12:46:46   SEND_PORT_CONNECT.2 <PORT=225515;CONNECT=225305;>
12:46:46   SEND_PORT_CONNECT.1 <PORT=225516;CONNECT=225306;>
12:46:46   SEND_PORT_CONNECT.2 <PORT=225516;CONNECT=225306;>
12:46:46   SEND_PORT_CONNECT.1 <PORT=225517;CONNECT=225307;>
12:46:46   SEND_PORT_CONNECT.2 <PORT=225517;CONNECT=225307;>
12:46:46   SEND_PORT_CONNECT.1 <PORT=225518;CONNECT=225308;>
12:46:46   SEND_PORT_CONNECT.2 <PORT=225518;CONNECT=225308;>
12:46:46   SEND_PORT_CONNECT.1 <PORT=225519;CONNECT=225309;>
12:46:46   SEND_PORT_CONNECT.2 <PORT=225519;CONNECT=225309;>
12:46:46   SEND_PORT_CONNECT.1 <PORT=225520;CONNECT=225310;>
12:46:46   SEND_PORT_CONNECT.2 <PORT=225520;CONNECT=225310;>
12:46:46   SEND_PORT_CONNECT.1 <PORT=225521;CONNECT=225311;>
12:46:46   SEND_PORT_CONNECT.2 <PORT=225521;CONNECT=225311;>
12:46:46   SEND_PORT_CONNECT.1 <PORT=225522;CONNECT=225312;>
12:46:46   SEND_PORT_CONNECT.2 <PORT=225522;CONNECT=225312;>
12:46:46   SEND_PORT_CONNECT.1 <PORT=225523;CONNECT=225313;>
12:46:46   SEND_PORT_CONNECT.2 <PORT=225523;CONNECT=225313;>
12:46:46   SEND_PORT_CONNECT.1 <PORT=225524;CONNECT=225314;>
12:46:46   SEND_PORT_CONNECT.2 <PORT=225524;CONNECT=225314;>
12:46:46   SEND_PORT_CONNECT.1 <PORT=225525;CONNECT=225315;>
12:46:46   SEND_PORT_CONNECT.2 <PORT=225525;CONNECT=225315;>
12:46:46   SEND_PORT_CONNECT.1 <PORT=225526;CONNECT=225316;>
12:46:46   SEND_PORT_CONNECT.2 <PORT=225526;CONNECT=225316;>
12:46:46   SEND_PORT_CONNECT.1 <PORT=225527;CONNECT=225317;>
12:46:46   SEND_PORT_CONNECT.2 <PORT=225527;CONNECT=225317;>
12:46:46   SEND_PORT_CONNECT.1 <PORT=225528;CONNECT=225318;>
12:46:46   SEND_PORT_CONNECT.2 <PORT=225528;CONNECT=225318;>
12:46:46   SEND_PORT_CONNECT.1 <PORT=225529;CONNECT=225319;>
12:46:46   SEND_PORT_CONNECT.2 <PORT=225529;CONNECT=225319;>
12:46:46   SEND_PORT_CONNECT.1 <PORT=225531;CONNECT=225350;>
12:46:46   SEND_PORT_CONNECT.2 <PORT=225531;CONNECT=225350;>
12:46:46   SEND_PORT_CONNECT.1 <PORT=225532;CONNECT=225351;>
12:46:46   SEND_PORT_CONNECT.2 <PORT=225532;CONNECT=225351;>
12:46:46   SEND_PORT_CONNECT.1 <PORT=225533;CONNECT=225352;>
12:46:46   SEND_PORT_CONNECT.2 <PORT=225533;CONNECT=225352;>
12:46:46   SEND_PORT_CONNECT.1 <PORT=225534;CONNECT=225353;>
12:46:46   SEND_PORT_CONNECT.2 <PORT=225534;CONNECT=225353;>
12:46:46   SEND_PORT_CONNECT.1 <PORT=225535;CONNECT=225354;>
12:46:46   SEND_PORT_CONNECT.2 <PORT=225535;CONNECT=225354;>
12:46:46   SEND_PORT_CONNECT.1 <PORT=225536;CONNECT=225355;>
12:46:46   SEND_PORT_CONNECT.2 <PORT=225536;CONNECT=225355;>
12:46:46   SEND_PORT_CONNECT.1 <PORT=225537;CONNECT=225356;>
12:46:46   SEND_PORT_CONNECT.2 <PORT=225537;CONNECT=225356;>
12:46:46   SEND_PORT_CONNECT.1 <PORT=225538;CONNECT=225357;>
12:46:46   SEND_PORT_CONNECT.2 <PORT=225538;CONNECT=225357;>
12:46:46   SEND_PORT_CONNECT.1 <PORT=225539;CONNECT=225358;>
12:46:46   SEND_PORT_CONNECT.2 <PORT=225539;CONNECT=225358;>
12:46:46   SEND_PORT_CONNECT.1 <PORT=225540;CONNECT=225359;>
12:46:46   SEND_PORT_CONNECT.2 <PORT=225540;CONNECT=225359;>
12:46:46   SEND_PORT_CONNECT.1 <PORT=225541;CONNECT=225360;>
12:46:46   SEND_PORT_CONNECT.2 <PORT=225541;CONNECT=225360;>
12:46:46   SEND_PORT_CONNECT.1 <PORT=225542;CONNECT=225361;>
12:46:46   SEND_PORT_CONNECT.2 <PORT=225542;CONNECT=225361;>
12:46:46   SEND_PORT_CONNECT.1 <PORT=225543;CONNECT=225362;>
12:46:46   SEND_PORT_CONNECT.2 <PORT=225543;CONNECT=225362;>
12:46:46   SEND_PORT_CONNECT.1 <PORT=225544;CONNECT=225363;>
12:46:46   SEND_PORT_CONNECT.2 <PORT=225544;CONNECT=225363;>
12:46:46   SEND_PORT_CONNECT.1 <PORT=225545;CONNECT=225364;>
12:46:46   SEND_PORT_CONNECT.2 <PORT=225545;CONNECT=225364;>
12:46:46   SEND_PORT_CONNECT.1 <PORT=225546;CONNECT=225365;>
12:46:46   SEND_PORT_CONNECT.2 <PORT=225546;CONNECT=225365;>
12:46:46   SEND_PORT_CONNECT.1 <PORT=225547;CONNECT=225366;>
12:46:46   SEND_PORT_CONNECT.2 <PORT=225547;CONNECT=225366;>
12:46:46   SEND_PORT_CONNECT.1 <PORT=225548;CONNECT=225367;>
12:46:46   SEND_PORT_CONNECT.2 <PORT=225548;CONNECT=225367;>
12:46:46   SEND_PORT_CONNECT.1 <PORT=225549;CONNECT=225368;>
12:46:46   SEND_PORT_CONNECT.2 <PORT=225549;CONNECT=225368;>
12:46:46   SEND_PORT_CONNECT.1 <PORT=225550;CONNECT=225369;>
12:46:46   SEND_PORT_CONNECT.2 <PORT=225550;CONNECT=225369;>
12:46:46   SEND_PORT_CONNECT.1 <PORT=225551;CONNECT=225370;>
12:46:46   SEND_PORT_CONNECT.2 <PORT=225551;CONNECT=225370;>
12:46:46   SEND_PORT_CONNECT.1 <PORT=225552;CONNECT=225371;>
12:46:46   SEND_PORT_CONNECT.2 <PORT=225552;CONNECT=225371;>
12:46:46   SEND_PORT_CONNECT.1 <PORT=225553;CONNECT=225372;>
12:46:46   SEND_PORT_CONNECT.2 <PORT=225553;CONNECT=225372;>
12:46:46   SEND_PORT_CONNECT.1 <PORT=225554;CONNECT=225373;>
12:46:46   SEND_PORT_CONNECT.2 <PORT=225554;CONNECT=225373;>
12:46:46   SEND_PORT_CONNECT.1 <PORT=225555;CONNECT=225374;>
12:46:46   SEND_PORT_CONNECT.2 <PORT=225555;CONNECT=225374;>
12:46:46   SEND_PORT_CONNECT.1 <PORT=225556;CONNECT=225375;>
12:46:46   SEND_PORT_CONNECT.2 <PORT=225556;CONNECT=225375;>
12:46:46   SEND_PORT_CONNECT.1 <PORT=225557;CONNECT=225376;>
12:46:46   SEND_PORT_CONNECT.2 <PORT=225557;CONNECT=225376;>
12:46:46   SEND_PORT_CONNECT.1 <PORT=225558;CONNECT=225377;>
12:46:46   SEND_PORT_CONNECT.2 <PORT=225558;CONNECT=225377;>
12:46:46   SEND_PORT_CONNECT.1 <PORT=225559;CONNECT=225378;>
12:46:46   SEND_PORT_CONNECT.2 <PORT=225559;CONNECT=225378;>
12:46:46   SEND_PORT_CONNECT.1 <PORT=225560;CONNECT=225379;>
12:46:46   SEND_PORT_CONNECT.2 <PORT=225560;CONNECT=225379;>
12:46:46   >>>>>>>ANALIZE=FALSE - ID=14864
12:46:47   SEND_PORT_CONNECT.1 <PORT=233640;CONNECT=233430;>
12:46:47   SEND_PORT_CONNECT.2 <PORT=233640;CONNECT=233430;>
12:46:47   SEND_PORT_CONNECT.1 <PORT=233641;CONNECT=233431;>
12:46:47   SEND_PORT_CONNECT.2 <PORT=233641;CONNECT=233431;>
12:46:47   SEND_PORT_CONNECT.1 <PORT=233642;CONNECT=233432;>
12:46:47   SEND_PORT_CONNECT.2 <PORT=233642;CONNECT=233432;>
12:46:47   SEND_PORT_CONNECT.1 <PORT=233643;CONNECT=233433;>
12:46:47   SEND_PORT_CONNECT.2 <PORT=233643;CONNECT=233433;>
12:46:47   SEND_PORT_CONNECT.1 <PORT=233644;CONNECT=233434;>
12:46:47   SEND_PORT_CONNECT.2 <PORT=233644;CONNECT=233434;>
12:46:47   SEND_PORT_CONNECT.1 <PORT=233645;CONNECT=233435;>
12:46:47   SEND_PORT_CONNECT.2 <PORT=233645;CONNECT=233435;>
12:46:47   SEND_PORT_CONNECT.1 <PORT=233646;CONNECT=233436;>
12:46:47   SEND_PORT_CONNECT.2 <PORT=233646;CONNECT=233436;>
12:46:47   SEND_PORT_CONNECT.1 <PORT=233647;CONNECT=233437;>
12:46:47   SEND_PORT_CONNECT.2 <PORT=233647;CONNECT=233437;>
12:46:47   SEND_PORT_CONNECT.1 <PORT=233648;CONNECT=233438;>
12:46:47   SEND_PORT_CONNECT.2 <PORT=233648;CONNECT=233438;>
12:46:47   SEND_PORT_CONNECT.1 <PORT=233649;CONNECT=233439;>
12:46:47   SEND_PORT_CONNECT.2 <PORT=233649;CONNECT=233439;>
12:46:47   SEND_PORT_CONNECT.1 <PORT=233650;CONNECT=233440;>
12:46:47   SEND_PORT_CONNECT.2 <PORT=233650;CONNECT=233440;>
12:46:47   SEND_PORT_CONNECT.1 <PORT=233651;CONNECT=233441;>
12:46:47   SEND_PORT_CONNECT.2 <PORT=233651;CONNECT=233441;>
12:46:47   SEND_PORT_CONNECT.1 <PORT=233652;CONNECT=233442;>
12:46:47   SEND_PORT_CONNECT.2 <PORT=233652;CONNECT=233442;>
12:46:47   SEND_PORT_CONNECT.1 <PORT=233653;CONNECT=233443;>
12:46:47   SEND_PORT_CONNECT.2 <PORT=233653;CONNECT=233443;>
12:46:47   SEND_PORT_CONNECT.1 <PORT=233654;CONNECT=233444;>
12:46:47   SEND_PORT_CONNECT.2 <PORT=233654;CONNECT=233444;>
12:46:47   SEND_PORT_CONNECT.1 <PORT=233655;CONNECT=233445;>
12:46:47   SEND_PORT_CONNECT.2 <PORT=233655;CONNECT=233445;>
12:46:47   SEND_PORT_CONNECT.1 <PORT=233656;CONNECT=233446;>
12:46:47   SEND_PORT_CONNECT.2 <PORT=233656;CONNECT=233446;>
12:46:47   SEND_PORT_CONNECT.1 <PORT=233657;CONNECT=233447;>
12:46:47   SEND_PORT_CONNECT.2 <PORT=233657;CONNECT=233447;>
12:46:47   SEND_PORT_CONNECT.1 <PORT=233658;CONNECT=233448;>
12:46:47   SEND_PORT_CONNECT.2 <PORT=233658;CONNECT=233448;>
12:46:47   SEND_PORT_CONNECT.1 <PORT=233659;CONNECT=233449;>
12:46:47   SEND_PORT_CONNECT.2 <PORT=233659;CONNECT=233449;>
12:46:47   SEND_PORT_CONNECT.1 <PORT=233660;CONNECT=233450;>
12:46:47   SEND_PORT_CONNECT.2 <PORT=233660;CONNECT=233450;>
12:46:47   SEND_PORT_CONNECT.1 <PORT=233661;CONNECT=233451;>
12:46:47   SEND_PORT_CONNECT.2 <PORT=233661;CONNECT=233451;>
12:46:47   SEND_PORT_CONNECT.1 <PORT=233662;CONNECT=233452;>
12:46:47   SEND_PORT_CONNECT.2 <PORT=233662;CONNECT=233452;>
12:46:47   SEND_PORT_CONNECT.1 <PORT=233663;CONNECT=233453;>
12:46:47   SEND_PORT_CONNECT.2 <PORT=233663;CONNECT=233453;>
12:46:47   SEND_PORT_CONNECT.1 <PORT=233664;CONNECT=233454;>
12:46:47   SEND_PORT_CONNECT.2 <PORT=233664;CONNECT=233454;>
12:46:47   SEND_PORT_CONNECT.1 <PORT=233665;CONNECT=233455;>
12:46:47   SEND_PORT_CONNECT.2 <PORT=233665;CONNECT=233455;>
12:46:47   SEND_PORT_CONNECT.1 <PORT=233666;CONNECT=233456;>
12:46:47   SEND_PORT_CONNECT.2 <PORT=233666;CONNECT=233456;>
12:46:47   SEND_PORT_CONNECT.1 <PORT=233667;CONNECT=233457;>
12:46:47   SEND_PORT_CONNECT.2 <PORT=233667;CONNECT=233457;>
12:46:47   SEND_PORT_CONNECT.1 <PORT=233668;CONNECT=233458;>
12:46:47   SEND_PORT_CONNECT.2 <PORT=233668;CONNECT=233458;>
12:46:47   SEND_PORT_CONNECT.1 <PORT=233669;CONNECT=233459;>
12:46:47   SEND_PORT_CONNECT.2 <PORT=233669;CONNECT=233459;>
12:46:47   SEND_PORT_CONNECT.1 <PORT=233671;CONNECT=233490;>
12:46:47   SEND_PORT_CONNECT.2 <PORT=233671;CONNECT=233490;>
12:46:47   SEND_PORT_CONNECT.1 <PORT=233672;CONNECT=233491;>
12:46:47   SEND_PORT_CONNECT.2 <PORT=233672;CONNECT=233491;>
12:46:47   SEND_PORT_CONNECT.1 <PORT=233673;CONNECT=233492;>
12:46:47   SEND_PORT_CONNECT.2 <PORT=233673;CONNECT=233492;>
12:46:47   SEND_PORT_CONNECT.1 <PORT=233674;CONNECT=233493;>
12:46:47   SEND_PORT_CONNECT.2 <PORT=233674;CONNECT=233493;>
12:46:47   SEND_PORT_CONNECT.1 <PORT=233675;CONNECT=233494;>
12:46:47   SEND_PORT_CONNECT.2 <PORT=233675;CONNECT=233494;>
12:46:47   SEND_PORT_CONNECT.1 <PORT=233676;CONNECT=233495;>
12:46:47   SEND_PORT_CONNECT.2 <PORT=233676;CONNECT=233495;>
12:46:47   SEND_PORT_CONNECT.1 <PORT=233677;CONNECT=233496;>
12:46:47   SEND_PORT_CONNECT.2 <PORT=233677;CONNECT=233496;>
12:46:47   SEND_PORT_CONNECT.1 <PORT=233678;CONNECT=233497;>
12:46:47   SEND_PORT_CONNECT.2 <PORT=233678;CONNECT=233497;>
12:46:47   SEND_PORT_CONNECT.1 <PORT=233679;CONNECT=233498;>
12:46:47   SEND_PORT_CONNECT.2 <PORT=233679;CONNECT=233498;>
12:46:47   SEND_PORT_CONNECT.1 <PORT=233680;CONNECT=233499;>
12:46:47   SEND_PORT_CONNECT.2 <PORT=233680;CONNECT=233499;>
12:46:47   SEND_PORT_CONNECT.1 <PORT=233681;CONNECT=233500;>
12:46:47   SEND_PORT_CONNECT.2 <PORT=233681;CONNECT=233500;>
12:46:47   SEND_PORT_CONNECT.1 <PORT=233682;CONNECT=233501;>
12:46:47   SEND_PORT_CONNECT.2 <PORT=233682;CONNECT=233501;>
12:46:47   SEND_PORT_CONNECT.1 <PORT=233683;CONNECT=233502;>
12:46:47   SEND_PORT_CONNECT.2 <PORT=233683;CONNECT=233502;>
12:46:47   SEND_PORT_CONNECT.1 <PORT=233684;CONNECT=233503;>
12:46:47   SEND_PORT_CONNECT.2 <PORT=233684;CONNECT=233503;>
12:46:47   SEND_PORT_CONNECT.1 <PORT=233685;CONNECT=233504;>
12:46:47   SEND_PORT_CONNECT.2 <PORT=233685;CONNECT=233504;>
12:46:47   SEND_PORT_CONNECT.1 <PORT=233686;CONNECT=233505;>
12:46:47   SEND_PORT_CONNECT.2 <PORT=233686;CONNECT=233505;>
12:46:47   SEND_PORT_CONNECT.1 <PORT=233687;CONNECT=233506;>
12:46:47   SEND_PORT_CONNECT.2 <PORT=233687;CONNECT=233506;>
12:46:47   SEND_PORT_CONNECT.1 <PORT=233688;CONNECT=233507;>
12:46:47   SEND_PORT_CONNECT.2 <PORT=233688;CONNECT=233507;>
12:46:47   SEND_PORT_CONNECT.1 <PORT=233689;CONNECT=233508;>
12:46:47   SEND_PORT_CONNECT.2 <PORT=233689;CONNECT=233508;>
12:46:47   SEND_PORT_CONNECT.1 <PORT=233690;CONNECT=233509;>
12:46:47   SEND_PORT_CONNECT.2 <PORT=233690;CONNECT=233509;>
12:46:47   SEND_PORT_CONNECT.1 <PORT=233691;CONNECT=233510;>
12:46:47   SEND_PORT_CONNECT.2 <PORT=233691;CONNECT=233510;>
12:46:47   SEND_PORT_CONNECT.1 <PORT=233692;CONNECT=233511;>
12:46:47   SEND_PORT_CONNECT.2 <PORT=233692;CONNECT=233511;>
12:46:47   SEND_PORT_CONNECT.1 <PORT=233693;CONNECT=233512;>
12:46:47   SEND_PORT_CONNECT.2 <PORT=233693;CONNECT=233512;>
12:46:47   SEND_PORT_CONNECT.1 <PORT=233694;CONNECT=233513;>
12:46:47   SEND_PORT_CONNECT.2 <PORT=233694;CONNECT=233513;>
12:46:47   SEND_PORT_CONNECT.1 <PORT=233695;CONNECT=233514;>
12:46:47   SEND_PORT_CONNECT.2 <PORT=233695;CONNECT=233514;>
12:46:47   SEND_PORT_CONNECT.1 <PORT=233696;CONNECT=233515;>
12:46:47   SEND_PORT_CONNECT.2 <PORT=233696;CONNECT=233515;>
12:46:47   SEND_PORT_CONNECT.1 <PORT=233697;CONNECT=233516;>
12:46:47   SEND_PORT_CONNECT.2 <PORT=233697;CONNECT=233516;>
12:46:47   SEND_PORT_CONNECT.1 <PORT=233698;CONNECT=233517;>
12:46:47   SEND_PORT_CONNECT.2 <PORT=233698;CONNECT=233517;>
12:46:47   SEND_PORT_CONNECT.1 <PORT=233699;CONNECT=233518;>
12:46:47   SEND_PORT_CONNECT.2 <PORT=233699;CONNECT=233518;>
12:46:47   SEND_PORT_CONNECT.1 <PORT=233700;CONNECT=233519;>
12:46:47   SEND_PORT_CONNECT.2 <PORT=233700;CONNECT=233519;>
12:46:47   >>>>>>>ANALIZE=FALSE - ID=15293
12:46:47   SEND_PORT_CONNECT.1 <PORT=230823;CONNECT=230613;>
12:46:47   SEND_PORT_CONNECT.2 <PORT=230823;CONNECT=230613;>
12:46:47   SEND_PORT_CONNECT.1 <PORT=230824;CONNECT=230614;>
12:46:47   SEND_PORT_CONNECT.2 <PORT=230824;CONNECT=230614;>
12:46:47   SEND_PORT_CONNECT.1 <PORT=230825;CONNECT=230615;>
12:46:47   SEND_PORT_CONNECT.2 <PORT=230825;CONNECT=230615;>
12:46:47   SEND_PORT_CONNECT.1 <PORT=230826;CONNECT=230616;>
12:46:47   SEND_PORT_CONNECT.2 <PORT=230826;CONNECT=230616;>
12:46:47   SEND_PORT_CONNECT.1 <PORT=230827;CONNECT=230617;>
12:46:47   SEND_PORT_CONNECT.2 <PORT=230827;CONNECT=230617;>
12:46:47   SEND_PORT_CONNECT.1 <PORT=230828;CONNECT=230618;>
12:46:47   SEND_PORT_CONNECT.2 <PORT=230828;CONNECT=230618;>
12:46:47   SEND_PORT_CONNECT.1 <PORT=237291;CONNECT=237081;>
12:46:47   SEND_PORT_CONNECT.2 <PORT=237291;CONNECT=237081;>
12:46:47   SEND_PORT_CONNECT.1 <PORT=237292;CONNECT=237082;>
12:46:47   SEND_PORT_CONNECT.2 <PORT=230829;CONNECT=230619;>
12:46:47   SEND_PORT_CONNECT.2 <PORT=237292;CONNECT=237082;>
12:46:47   SEND_PORT_CONNECT.1 <PORT=230830;CONNECT=230620;>
12:46:47   SEND_PORT_CONNECT.1 <PORT=237293;CONNECT=237083;>
12:46:47   SEND_PORT_CONNECT.2 <PORT=230830;CONNECT=230620;>
12:46:47   SEND_PORT_CONNECT.2 <PORT=237293;CONNECT=237083;>
12:46:47   SEND_PORT_CONNECT.1 <PORT=230831;CONNECT=230621;>
12:46:47   SEND_PORT_CONNECT.1 <PORT=237294;CONNECT=237084;>
12:46:47   SEND_PORT_CONNECT.2 <PORT=237294;CONNECT=237084;>
12:46:47   SEND_PORT_CONNECT.1 <PORT=237295;CONNECT=237085;>
12:46:47   SEND_PORT_CONNECT.1 <PORT=230832;CONNECT=230622;>
12:46:47   SEND_PORT_CONNECT.2 <PORT=237295;CONNECT=237085;>
12:46:47   SEND_PORT_CONNECT.2 <PORT=230832;CONNECT=230622;>
12:46:47   SEND_PORT_CONNECT.1 <PORT=237296;CONNECT=237086;>
12:46:47   SEND_PORT_CONNECT.1 <PORT=230833;CONNECT=230623;>
12:46:47   SEND_PORT_CONNECT.2 <PORT=237296;CONNECT=237086;>
12:46:47   SEND_PORT_CONNECT.2 <PORT=230833;CONNECT=230623;>
12:46:47   SEND_PORT_CONNECT.1 <PORT=237297;CONNECT=237087;>
12:46:47   SEND_PORT_CONNECT.1 <PORT=230834;CONNECT=230624;>
12:46:47   SEND_PORT_CONNECT.2 <PORT=237297;CONNECT=237087;>
12:46:47   SEND_PORT_CONNECT.2 <PORT=230834;CONNECT=230624;>
12:46:47   SEND_PORT_CONNECT.1 <PORT=237298;CONNECT=237088;>
12:46:47   SEND_PORT_CONNECT.1 <PORT=230835;CONNECT=230625;>
12:46:47   SEND_PORT_CONNECT.2 <PORT=237298;CONNECT=237088;>
12:46:47   SEND_PORT_CONNECT.2 <PORT=230835;CONNECT=230625;>
12:46:47   SEND_PORT_CONNECT.1 <PORT=237299;CONNECT=237330;>
12:46:47   SEND_PORT_CONNECT.1 <PORT=230836;CONNECT=230626;>
12:46:47   SEND_PORT_CONNECT.2 <PORT=237299;CONNECT=237330;>
12:46:47   SEND_PORT_CONNECT.2 <PORT=230836;CONNECT=230626;>
12:46:47   SEND_PORT_CONNECT.1 <PORT=237300;CONNECT=237090;>
12:46:47   SEND_PORT_CONNECT.1 <PORT=230837;CONNECT=230627;>
12:46:47   SEND_PORT_CONNECT.2 <PORT=237300;CONNECT=237090;>
12:46:47   SEND_PORT_CONNECT.2 <PORT=230837;CONNECT=230627;>
12:46:47   SEND_PORT_CONNECT.1 <PORT=237301;CONNECT=237091;>
12:46:47   SEND_PORT_CONNECT.1 <PORT=230838;CONNECT=230628;>
12:46:47   SEND_PORT_CONNECT.2 <PORT=237301;CONNECT=237091;>
12:46:47   SEND_PORT_CONNECT.2 <PORT=230838;CONNECT=230628;>
12:46:47   SEND_PORT_CONNECT.1 <PORT=237302;CONNECT=237333;>
12:46:47   SEND_PORT_CONNECT.1 <PORT=230839;CONNECT=230629;>
12:46:47   SEND_PORT_CONNECT.2 <PORT=237302;CONNECT=237333;>
12:46:47   SEND_PORT_CONNECT.2 <PORT=230839;CONNECT=230629;>
12:46:47   SEND_PORT_CONNECT.1 <PORT=237303;CONNECT=237334;>
12:46:47   SEND_PORT_CONNECT.1 <PORT=230840;CONNECT=230630;>
12:46:47   SEND_PORT_CONNECT.2 <PORT=237303;CONNECT=237334;>
12:46:47   SEND_PORT_CONNECT.2 <PORT=230840;CONNECT=230630;>
12:46:47   SEND_PORT_CONNECT.1 <PORT=237304;CONNECT=237094;>
12:46:47   SEND_PORT_CONNECT.1 <PORT=230841;CONNECT=230631;>
12:46:47   SEND_PORT_CONNECT.2 <PORT=237304;CONNECT=237094;>
12:46:47   SEND_PORT_CONNECT.2 <PORT=230841;CONNECT=230631;>
12:46:47   SEND_PORT_CONNECT.1 <PORT=237305;CONNECT=237095;>
12:46:47   SEND_PORT_CONNECT.1 <PORT=230842;CONNECT=230632;>
12:46:47   SEND_PORT_CONNECT.2 <PORT=237305;CONNECT=237095;>
12:46:47   SEND_PORT_CONNECT.2 <PORT=230842;CONNECT=230632;>
12:46:47   SEND_PORT_CONNECT.1 <PORT=237306;CONNECT=237096;>
12:46:47   SEND_PORT_CONNECT.1 <PORT=230843;CONNECT=230633;>
12:46:47   SEND_PORT_CONNECT.2 <PORT=237306;CONNECT=237096;>
12:46:47   SEND_PORT_CONNECT.2 <PORT=230843;CONNECT=230633;>
12:46:47   SEND_PORT_CONNECT.1 <PORT=237307;CONNECT=237097;>
12:46:47   SEND_PORT_CONNECT.1 <PORT=230844;CONNECT=230634;>
12:46:47   SEND_PORT_CONNECT.2 <PORT=237307;CONNECT=237097;>
12:46:47   SEND_PORT_CONNECT.2 <PORT=230844;CONNECT=230634;>
12:46:47   SEND_PORT_CONNECT.1 <PORT=237308;CONNECT=237098;>
12:46:47   SEND_PORT_CONNECT.1 <PORT=230845;CONNECT=230635;>
12:46:47   SEND_PORT_CONNECT.2 <PORT=237308;CONNECT=237098;>
12:46:47   SEND_PORT_CONNECT.2 <PORT=230845;CONNECT=230635;>
12:46:47   SEND_PORT_CONNECT.1 <PORT=237309;CONNECT=237099;>
12:46:47   SEND_PORT_CONNECT.1 <PORT=230846;CONNECT=230636;>
12:46:47   SEND_PORT_CONNECT.2 <PORT=237309;CONNECT=237099;>
12:46:47   SEND_PORT_CONNECT.2 <PORT=230846;CONNECT=230636;>
12:46:47   SEND_PORT_CONNECT.1 <PORT=237310;CONNECT=237100;>
12:46:47   SEND_PORT_CONNECT.2 <PORT=237310;CONNECT=237100;>
12:46:47   SEND_PORT_CONNECT.1 <PORT=237311;CONNECT=237101;>
12:46:47   SEND_PORT_CONNECT.2 <PORT=230847;CONNECT=230637;>
12:46:47   SEND_PORT_CONNECT.2 <PORT=237311;CONNECT=237101;>
12:46:47   SEND_PORT_CONNECT.1 <PORT=230848;CONNECT=230638;>
12:46:47   SEND_PORT_CONNECT.1 <PORT=237312;CONNECT=237102;>
12:46:47   SEND_PORT_CONNECT.2 <PORT=230848;CONNECT=230638;>
12:46:47   SEND_PORT_CONNECT.2 <PORT=237312;CONNECT=237102;>
12:46:47   SEND_PORT_CONNECT.1 <PORT=230849;CONNECT=230639;>
12:46:47   SEND_PORT_CONNECT.1 <PORT=237313;CONNECT=237103;>
12:46:47   SEND_PORT_CONNECT.2 <PORT=230849;CONNECT=230639;>
12:46:47   SEND_PORT_CONNECT.2 <PORT=237313;CONNECT=237103;>
12:46:47   SEND_PORT_CONNECT.2 <PORT=230850;CONNECT=230640;>
12:46:47   SEND_PORT_CONNECT.1 <PORT=230851;CONNECT=230641;>
12:46:47   SEND_PORT_CONNECT.2 <PORT=230851;CONNECT=230641;>
12:46:47   SEND_PORT_CONNECT.1 <PORT=230852;CONNECT=230642;>
12:46:47   SEND_PORT_CONNECT.2 <PORT=230852;CONNECT=230642;>
12:46:47   SEND_PORT_CONNECT.1 <PORT=230854;CONNECT=230673;>
12:46:47   SEND_PORT_CONNECT.2 <PORT=230854;CONNECT=230673;>
12:46:47   SEND_PORT_CONNECT.1 <PORT=230855;CONNECT=230674;>
12:46:47   SEND_PORT_CONNECT.2 <PORT=230855;CONNECT=230674;>
12:46:47   SEND_PORT_CONNECT.1 <PORT=230856;CONNECT=230675;>
12:46:47   SEND_PORT_CONNECT.1 <PORT=237316;CONNECT=237347;>
12:46:47   SEND_PORT_CONNECT.2 <PORT=230856;CONNECT=230675;>
12:46:47   SEND_PORT_CONNECT.2 <PORT=237316;CONNECT=237347;>
12:46:47   SEND_PORT_CONNECT.1 <PORT=230857;CONNECT=230676;>
12:46:47   SEND_PORT_CONNECT.1 <PORT=237317;CONNECT=237348;>
12:46:47   SEND_PORT_CONNECT.2 <PORT=230857;CONNECT=230676;>
12:46:47   SEND_PORT_CONNECT.2 <PORT=237317;CONNECT=237348;>
12:46:47   SEND_PORT_CONNECT.1 <PORT=230858;CONNECT=230677;>
12:46:47   SEND_PORT_CONNECT.1 <PORT=237318;CONNECT=237349;>
12:46:47   SEND_PORT_CONNECT.2 <PORT=237318;CONNECT=237349;>
12:46:47   SEND_PORT_CONNECT.1 <PORT=230859;CONNECT=230678;>
12:46:47   SEND_PORT_CONNECT.1 <PORT=237319;CONNECT=237109;>
12:46:47   SEND_PORT_CONNECT.2 <PORT=230859;CONNECT=230678;>
12:46:47   SEND_PORT_CONNECT.2 <PORT=237319;CONNECT=237109;>
12:46:47   SEND_PORT_CONNECT.1 <PORT=230860;CONNECT=230679;>
12:46:47   SEND_PORT_CONNECT.1 <PORT=237320;CONNECT=237110;>
12:46:47   SEND_PORT_CONNECT.2 <PORT=230860;CONNECT=230679;>
12:46:47   SEND_PORT_CONNECT.2 <PORT=237320;CONNECT=237110;>
12:46:47   SEND_PORT_CONNECT.1 <PORT=230861;CONNECT=230680;>
12:46:47   SEND_PORT_CONNECT.1 <PORT=237322;CONNECT=237141;>
12:46:47   SEND_PORT_CONNECT.2 <PORT=237322;CONNECT=237141;>
12:46:47   SEND_PORT_CONNECT.1 <PORT=230862;CONNECT=230681;>
12:46:47   SEND_PORT_CONNECT.1 <PORT=237323;CONNECT=237142;>
12:46:47   SEND_PORT_CONNECT.2 <PORT=237323;CONNECT=237142;>
12:46:47   SEND_PORT_CONNECT.1 <PORT=230863;CONNECT=230682;>
12:46:47   SEND_PORT_CONNECT.1 <PORT=237324;CONNECT=237143;>
12:46:47   SEND_PORT_CONNECT.2 <PORT=230863;CONNECT=230682;>
12:46:47   SEND_PORT_CONNECT.2 <PORT=237324;CONNECT=237143;>
12:46:47   SEND_PORT_CONNECT.1 <PORT=230864;CONNECT=230683;>
12:46:47   SEND_PORT_CONNECT.1 <PORT=237325;CONNECT=237144;>
12:46:47   SEND_PORT_CONNECT.2 <PORT=230864;CONNECT=230683;>
12:46:47   SEND_PORT_CONNECT.2 <PORT=237325;CONNECT=237144;>
12:46:47   SEND_PORT_CONNECT.1 <PORT=230865;CONNECT=230684;>
12:46:47   SEND_PORT_CONNECT.1 <PORT=237326;CONNECT=237145;>
12:46:47   SEND_PORT_CONNECT.2 <PORT=230865;CONNECT=230684;>
12:46:47   SEND_PORT_CONNECT.2 <PORT=237326;CONNECT=237145;>
12:46:47   SEND_PORT_CONNECT.1 <PORT=230866;CONNECT=230685;>
12:46:47   SEND_PORT_CONNECT.1 <PORT=237327;CONNECT=237146;>
12:46:47   SEND_PORT_CONNECT.2 <PORT=230866;CONNECT=230685;>
12:46:47   SEND_PORT_CONNECT.2 <PORT=237327;CONNECT=237146;>
12:46:47   SEND_PORT_CONNECT.1 <PORT=230867;CONNECT=230686;>
12:46:47   SEND_PORT_CONNECT.1 <PORT=237328;CONNECT=237147;>
12:46:47   SEND_PORT_CONNECT.2 <PORT=230867;CONNECT=230686;>
12:46:47   SEND_PORT_CONNECT.2 <PORT=237328;CONNECT=237147;>
12:46:47   SEND_PORT_CONNECT.1 <PORT=230868;CONNECT=230687;>
12:46:47   SEND_PORT_CONNECT.1 <PORT=237329;CONNECT=237148;>
12:46:47   SEND_PORT_CONNECT.2 <PORT=230868;CONNECT=230687;>
12:46:47   SEND_PORT_CONNECT.2 <PORT=237329;CONNECT=237148;>
12:46:47   SEND_PORT_CONNECT.1 <PORT=230869;CONNECT=230688;>
12:46:47   SEND_PORT_CONNECT.1 <PORT=237331;CONNECT=237150;>
12:46:47   SEND_PORT_CONNECT.2 <PORT=230869;CONNECT=230688;>
12:46:47   SEND_PORT_CONNECT.2 <PORT=237331;CONNECT=237150;>
12:46:47   SEND_PORT_CONNECT.1 <PORT=230870;CONNECT=230689;>
12:46:47   SEND_PORT_CONNECT.1 <PORT=237332;CONNECT=237151;>
12:46:47   SEND_PORT_CONNECT.2 <PORT=230870;CONNECT=230689;>
12:46:47   SEND_PORT_CONNECT.2 <PORT=237332;CONNECT=237151;>
12:46:47   SEND_PORT_CONNECT.1 <PORT=230871;CONNECT=230690;>
12:46:47   SEND_PORT_CONNECT.1 <PORT=237335;CONNECT=237154;>
12:46:47   SEND_PORT_CONNECT.2 <PORT=230871;CONNECT=230690;>
12:46:47   SEND_PORT_CONNECT.2 <PORT=237335;CONNECT=237154;>
12:46:47   SEND_PORT_CONNECT.1 <PORT=230872;CONNECT=230691;>
12:46:47   SEND_PORT_CONNECT.1 <PORT=237336;CONNECT=237155;>
12:46:47   SEND_PORT_CONNECT.2 <PORT=230872;CONNECT=230691;>
12:46:47   SEND_PORT_CONNECT.2 <PORT=237336;CONNECT=237155;>
12:46:47   SEND_PORT_CONNECT.1 <PORT=230873;CONNECT=230692;>
12:46:47   SEND_PORT_CONNECT.1 <PORT=237337;CONNECT=237156;>
12:46:47   SEND_PORT_CONNECT.2 <PORT=230873;CONNECT=230692;>
12:46:47   SEND_PORT_CONNECT.2 <PORT=237337;CONNECT=237156;>
12:46:47   SEND_PORT_CONNECT.1 <PORT=230874;CONNECT=230693;>
12:46:47   SEND_PORT_CONNECT.1 <PORT=237338;CONNECT=237157;>
12:46:47   SEND_PORT_CONNECT.2 <PORT=230874;CONNECT=230693;>
12:46:47   SEND_PORT_CONNECT.2 <PORT=237338;CONNECT=237157;>
12:46:47   SEND_PORT_CONNECT.1 <PORT=230875;CONNECT=230694;>
12:46:47   SEND_PORT_CONNECT.1 <PORT=237339;CONNECT=237158;>
12:46:47   SEND_PORT_CONNECT.2 <PORT=230875;CONNECT=230694;>
12:46:47   SEND_PORT_CONNECT.2 <PORT=237339;CONNECT=237158;>
12:46:47   SEND_PORT_CONNECT.1 <PORT=230876;CONNECT=230695;>
12:46:47   SEND_PORT_CONNECT.1 <PORT=237340;CONNECT=237159;>
12:46:47   SEND_PORT_CONNECT.2 <PORT=230876;CONNECT=230695;>
12:46:47   SEND_PORT_CONNECT.2 <PORT=237340;CONNECT=237159;>
12:46:47   SEND_PORT_CONNECT.1 <PORT=230877;CONNECT=230696;>
12:46:47   SEND_PORT_CONNECT.1 <PORT=237341;CONNECT=237160;>
12:46:47   SEND_PORT_CONNECT.2 <PORT=230877;CONNECT=230696;>
12:46:47   SEND_PORT_CONNECT.2 <PORT=237341;CONNECT=237160;>
12:46:47   SEND_PORT_CONNECT.1 <PORT=230878;CONNECT=230697;>
12:46:47   SEND_PORT_CONNECT.1 <PORT=237342;CONNECT=237161;>
12:46:47   SEND_PORT_CONNECT.2 <PORT=230878;CONNECT=230697;>
12:46:47   SEND_PORT_CONNECT.2 <PORT=237342;CONNECT=237161;>
12:46:47   SEND_PORT_CONNECT.1 <PORT=230879;CONNECT=230698;>
12:46:47   SEND_PORT_CONNECT.1 <PORT=237343;CONNECT=237162;>
12:46:47   SEND_PORT_CONNECT.2 <PORT=230879;CONNECT=230698;>
12:46:47   SEND_PORT_CONNECT.2 <PORT=237343;CONNECT=237162;>
12:46:47   SEND_PORT_CONNECT.1 <PORT=230880;CONNECT=230699;>
12:46:47   SEND_PORT_CONNECT.1 <PORT=237344;CONNECT=237163;>
12:46:47   SEND_PORT_CONNECT.2 <PORT=230880;CONNECT=230699;>
12:46:47   SEND_PORT_CONNECT.2 <PORT=237344;CONNECT=237163;>
12:46:47   SEND_PORT_CONNECT.1 <PORT=230881;CONNECT=230700;>
12:46:47   SEND_PORT_CONNECT.1 <PORT=237345;CONNECT=237164;>
12:46:47   SEND_PORT_CONNECT.2 <PORT=230881;CONNECT=230700;>
12:46:47   SEND_PORT_CONNECT.2 <PORT=237345;CONNECT=237164;>
12:46:47   SEND_PORT_CONNECT.1 <PORT=230882;CONNECT=230701;>
12:46:47   SEND_PORT_CONNECT.1 <PORT=237350;CONNECT=237169;>
12:46:47   SEND_PORT_CONNECT.2 <PORT=230882;CONNECT=230701;>
12:46:47   SEND_PORT_CONNECT.2 <PORT=237350;CONNECT=237169;>
12:46:47   SEND_PORT_CONNECT.1 <PORT=230883;CONNECT=230702;>
12:46:47   SEND_PORT_CONNECT.1 <PORT=237351;CONNECT=237170;>
12:46:47   SEND_PORT_CONNECT.2 <PORT=230883;CONNECT=230702;>
12:46:47   SEND_PORT_CONNECT.2 <PORT=237351;CONNECT=237170;>
12:46:47   >>>>>>>ANALIZE=FALSE - ID=15024
12:46:47   >>>>>>>ANALIZE=FALSE - ID=15574
12:46:47   SEND_PORT_CONNECT.1 <PORT=225922;CONNECT=225712;>
12:46:47   SEND_PORT_CONNECT.2 <PORT=225922;CONNECT=225712;>
12:46:47   SEND_PORT_CONNECT.1 <PORT=225923;CONNECT=225713;>
12:46:47   SEND_PORT_CONNECT.2 <PORT=225923;CONNECT=225713;>
12:46:47   SEND_PORT_CONNECT.1 <PORT=225924;CONNECT=225714;>
12:46:47   SEND_PORT_CONNECT.2 <PORT=225924;CONNECT=225714;>
12:46:47   SEND_PORT_CONNECT.1 <PORT=225925;CONNECT=225715;>
12:46:47   SEND_PORT_CONNECT.2 <PORT=225925;CONNECT=225715;>
12:46:47   SEND_PORT_CONNECT.1 <PORT=225926;CONNECT=225716;>
12:46:47   SEND_PORT_CONNECT.2 <PORT=225926;CONNECT=225716;>
12:46:47   SEND_PORT_CONNECT.1 <PORT=225927;CONNECT=225717;>
12:46:47   SEND_PORT_CONNECT.2 <PORT=225927;CONNECT=225717;>
12:46:47   SEND_PORT_CONNECT.1 <PORT=225928;CONNECT=225718;>
12:46:47   SEND_PORT_CONNECT.2 <PORT=225928;CONNECT=225718;>
12:46:47   SEND_PORT_CONNECT.1 <PORT=225929;CONNECT=225719;>
12:46:47   SEND_PORT_CONNECT.2 <PORT=225929;CONNECT=225719;>
12:46:47   SEND_PORT_CONNECT.1 <PORT=225930;CONNECT=225720;>
12:46:47   SEND_PORT_CONNECT.2 <PORT=225930;CONNECT=225720;>
12:46:47   SEND_PORT_CONNECT.1 <PORT=225931;CONNECT=225721;>
12:46:47   SEND_PORT_CONNECT.2 <PORT=225931;CONNECT=225721;>
12:46:47   SEND_PORT_CONNECT.1 <PORT=225932;CONNECT=225722;>
12:46:47   SEND_PORT_CONNECT.2 <PORT=225932;CONNECT=225722;>
12:46:47   SEND_PORT_CONNECT.1 <PORT=225933;CONNECT=225723;>
12:46:47   SEND_PORT_CONNECT.2 <PORT=225933;CONNECT=225723;>
12:46:47   SEND_PORT_CONNECT.1 <PORT=225934;CONNECT=225724;>
12:46:47   SEND_PORT_CONNECT.2 <PORT=225934;CONNECT=225724;>
12:46:47   SEND_PORT_CONNECT.1 <PORT=225935;CONNECT=225725;>
12:46:47   SEND_PORT_CONNECT.2 <PORT=225935;CONNECT=225725;>
12:46:47   SEND_PORT_CONNECT.1 <PORT=225936;CONNECT=225726;>
12:46:47   SEND_PORT_CONNECT.2 <PORT=225936;CONNECT=225726;>
12:46:47   SEND_PORT_CONNECT.1 <PORT=225937;CONNECT=225727;>
12:46:47   SEND_PORT_CONNECT.2 <PORT=225937;CONNECT=225727;>
12:46:47   SEND_PORT_CONNECT.1 <PORT=225938;CONNECT=225728;>
12:46:47   SEND_PORT_CONNECT.2 <PORT=225938;CONNECT=225728;>
12:46:47   SEND_PORT_CONNECT.1 <PORT=225939;CONNECT=225729;>
12:46:47   SEND_PORT_CONNECT.2 <PORT=225939;CONNECT=225729;>
12:46:47   SEND_PORT_CONNECT.1 <PORT=225940;CONNECT=225730;>
12:46:47   SEND_PORT_CONNECT.2 <PORT=225940;CONNECT=225730;>
12:46:47   SEND_PORT_CONNECT.1 <PORT=225941;CONNECT=225731;>
12:46:47   SEND_PORT_CONNECT.2 <PORT=225941;CONNECT=225731;>
12:46:47   SEND_PORT_CONNECT.1 <PORT=225942;CONNECT=225732;>
12:46:47   SEND_PORT_CONNECT.2 <PORT=225942;CONNECT=225732;>
12:46:47   SEND_PORT_CONNECT.1 <PORT=225943;CONNECT=225733;>
12:46:47   SEND_PORT_CONNECT.2 <PORT=225943;CONNECT=225733;>
12:46:47   SEND_PORT_CONNECT.1 <PORT=225944;CONNECT=225734;>
12:46:47   SEND_PORT_CONNECT.2 <PORT=225944;CONNECT=225734;>
12:46:47   SEND_PORT_CONNECT.1 <PORT=225945;CONNECT=225735;>
12:46:47   SEND_PORT_CONNECT.2 <PORT=225945;CONNECT=225735;>
12:46:47   SEND_PORT_CONNECT.1 <PORT=225946;CONNECT=225736;>
12:46:47   SEND_PORT_CONNECT.2 <PORT=225946;CONNECT=225736;>
12:46:47   SEND_PORT_CONNECT.1 <PORT=225947;CONNECT=225737;>
12:46:47   SEND_PORT_CONNECT.2 <PORT=225947;CONNECT=225737;>
12:46:47   SEND_PORT_CONNECT.1 <PORT=225948;CONNECT=225738;>
12:46:47   SEND_PORT_CONNECT.2 <PORT=225948;CONNECT=225738;>
12:46:47   SEND_PORT_CONNECT.1 <PORT=225949;CONNECT=225739;>
12:46:47   SEND_PORT_CONNECT.2 <PORT=225949;CONNECT=225739;>
12:46:47   SEND_PORT_CONNECT.1 <PORT=225950;CONNECT=225740;>
12:46:47   SEND_PORT_CONNECT.2 <PORT=225950;CONNECT=225740;>
12:46:47   SEND_PORT_CONNECT.1 <PORT=225951;CONNECT=225741;>
12:46:47   SEND_PORT_CONNECT.2 <PORT=225951;CONNECT=225741;>
12:46:47   SEND_PORT_CONNECT.1 <PORT=225953;CONNECT=225772;>
12:46:47   SEND_PORT_CONNECT.2 <PORT=225953;CONNECT=225772;>
12:46:47   SEND_PORT_CONNECT.1 <PORT=225954;CONNECT=225773;>
12:46:47   SEND_PORT_CONNECT.2 <PORT=225954;CONNECT=225773;>
12:46:47   SEND_PORT_CONNECT.1 <PORT=225955;CONNECT=225774;>
12:46:47   SEND_PORT_CONNECT.2 <PORT=225955;CONNECT=225774;>
12:46:47   SEND_PORT_CONNECT.1 <PORT=225956;CONNECT=225775;>
12:46:47   SEND_PORT_CONNECT.2 <PORT=225956;CONNECT=225775;>
12:46:47   SEND_PORT_CONNECT.1 <PORT=225957;CONNECT=225776;>
12:46:47   SEND_PORT_CONNECT.2 <PORT=225957;CONNECT=225776;>
12:46:47   SEND_PORT_CONNECT.1 <PORT=225958;CONNECT=225777;>
12:46:47   SEND_PORT_CONNECT.2 <PORT=225958;CONNECT=225777;>
12:46:47   SEND_PORT_CONNECT.1 <PORT=225959;CONNECT=225778;>
12:46:47   SEND_PORT_CONNECT.2 <PORT=225959;CONNECT=225778;>
12:46:47   SEND_PORT_CONNECT.1 <PORT=225960;CONNECT=225779;>
12:46:47   SEND_PORT_CONNECT.2 <PORT=225960;CONNECT=225779;>
12:46:47   SEND_PORT_CONNECT.1 <PORT=225961;CONNECT=225780;>
12:46:47   SEND_PORT_CONNECT.2 <PORT=225961;CONNECT=225780;>
12:46:47   SEND_PORT_CONNECT.1 <PORT=225962;CONNECT=225781;>
12:46:47   SEND_PORT_CONNECT.2 <PORT=225962;CONNECT=225781;>
12:46:47   SEND_PORT_CONNECT.1 <PORT=225963;CONNECT=225782;>
12:46:47   SEND_PORT_CONNECT.2 <PORT=225963;CONNECT=225782;>
12:46:47   SEND_PORT_CONNECT.1 <PORT=225964;CONNECT=225783;>
12:46:47   SEND_PORT_CONNECT.2 <PORT=225964;CONNECT=225783;>
12:46:47   SEND_PORT_CONNECT.1 <PORT=225965;CONNECT=225784;>
12:46:47   SEND_PORT_CONNECT.2 <PORT=225965;CONNECT=225784;>
12:46:47   SEND_PORT_CONNECT.1 <PORT=225966;CONNECT=225785;>
12:46:47   SEND_PORT_CONNECT.2 <PORT=225966;CONNECT=225785;>
12:46:47   SEND_PORT_CONNECT.1 <PORT=225967;CONNECT=225786;>
12:46:47   SEND_PORT_CONNECT.2 <PORT=225967;CONNECT=225786;>
12:46:47   SEND_PORT_CONNECT.1 <PORT=225968;CONNECT=225787;>
12:46:47   SEND_PORT_CONNECT.2 <PORT=225968;CONNECT=225787;>
12:46:47   SEND_PORT_CONNECT.1 <PORT=225969;CONNECT=225788;>
12:46:47   SEND_PORT_CONNECT.2 <PORT=225969;CONNECT=225788;>
12:46:47   SEND_PORT_CONNECT.1 <PORT=225970;CONNECT=225789;>
12:46:47   SEND_PORT_CONNECT.2 <PORT=225970;CONNECT=225789;>
12:46:47   SEND_PORT_CONNECT.1 <PORT=225971;CONNECT=225790;>
12:46:47   SEND_PORT_CONNECT.2 <PORT=225971;CONNECT=225790;>
12:46:47   SEND_PORT_CONNECT.1 <PORT=225972;CONNECT=225791;>
12:46:47   SEND_PORT_CONNECT.2 <PORT=225972;CONNECT=225791;>
12:46:47   SEND_PORT_CONNECT.1 <PORT=225973;CONNECT=225792;>
12:46:47   SEND_PORT_CONNECT.2 <PORT=225973;CONNECT=225792;>
12:46:47   SEND_PORT_CONNECT.1 <PORT=225974;CONNECT=225793;>
12:46:47   SEND_PORT_CONNECT.2 <PORT=225974;CONNECT=225793;>
12:46:47   SEND_PORT_CONNECT.1 <PORT=225975;CONNECT=225794;>
12:46:47   SEND_PORT_CONNECT.2 <PORT=225975;CONNECT=225794;>
12:46:47   SEND_PORT_CONNECT.1 <PORT=225976;CONNECT=225795;>
12:46:47   SEND_PORT_CONNECT.2 <PORT=225976;CONNECT=225795;>
12:46:47   SEND_PORT_CONNECT.1 <PORT=225977;CONNECT=225796;>
12:46:47   SEND_PORT_CONNECT.2 <PORT=225977;CONNECT=225796;>
12:46:47   SEND_PORT_CONNECT.1 <PORT=225978;CONNECT=225797;>
12:46:47   SEND_PORT_CONNECT.2 <PORT=225978;CONNECT=225797;>
12:46:47   SEND_PORT_CONNECT.1 <PORT=225979;CONNECT=225798;>
12:46:47   SEND_PORT_CONNECT.2 <PORT=225979;CONNECT=225798;>
12:46:47   SEND_PORT_CONNECT.1 <PORT=225980;CONNECT=225799;>
12:46:47   SEND_PORT_CONNECT.2 <PORT=225980;CONNECT=225799;>
12:46:47   SEND_PORT_CONNECT.1 <PORT=225981;CONNECT=225800;>
12:46:47   SEND_PORT_CONNECT.2 <PORT=225981;CONNECT=225800;>
12:46:47   SEND_PORT_CONNECT.1 <PORT=225982;CONNECT=225801;>
12:46:47   SEND_PORT_CONNECT.2 <PORT=225982;CONNECT=225801;>
12:46:47   >>>>>>>ANALIZE=FALSE - ID=14873
12:46:48   SEND_PORT_CONNECT.1 <PORT=226344;CONNECT=226134;>
12:46:48   SEND_PORT_CONNECT.2 <PORT=226344;CONNECT=226134;>
12:46:48   SEND_PORT_CONNECT.1 <PORT=226345;CONNECT=226135;>
12:46:48   SEND_PORT_CONNECT.2 <PORT=226345;CONNECT=226135;>
12:46:48   SEND_PORT_CONNECT.1 <PORT=226346;CONNECT=226136;>
12:46:48   SEND_PORT_CONNECT.2 <PORT=226346;CONNECT=226136;>
12:46:48   SEND_PORT_CONNECT.1 <PORT=226347;CONNECT=226137;>
12:46:48   SEND_PORT_CONNECT.2 <PORT=226347;CONNECT=226137;>
12:46:48   SEND_PORT_CONNECT.1 <PORT=226348;CONNECT=226138;>
12:46:48   SEND_PORT_CONNECT.2 <PORT=226348;CONNECT=226138;>
12:46:48   SEND_PORT_CONNECT.1 <PORT=226349;CONNECT=226139;>
12:46:48   SEND_PORT_CONNECT.2 <PORT=226349;CONNECT=226139;>
12:46:48   SEND_PORT_CONNECT.1 <PORT=226350;CONNECT=226140;>
12:46:48   SEND_PORT_CONNECT.2 <PORT=226350;CONNECT=226140;>
12:46:48   SEND_PORT_CONNECT.1 <PORT=226351;CONNECT=226141;>
12:46:48   SEND_PORT_CONNECT.2 <PORT=226351;CONNECT=226141;>
12:46:48   SEND_PORT_CONNECT.1 <PORT=226352;CONNECT=226142;>
12:46:48   SEND_PORT_CONNECT.2 <PORT=226352;CONNECT=226142;>
12:46:48   SEND_PORT_CONNECT.1 <PORT=226353;CONNECT=226143;>
12:46:48   SEND_PORT_CONNECT.2 <PORT=226353;CONNECT=226143;>
12:46:48   SEND_PORT_CONNECT.1 <PORT=226354;CONNECT=226144;>
12:46:48   SEND_PORT_CONNECT.2 <PORT=226354;CONNECT=226144;>
12:46:48   SEND_PORT_CONNECT.1 <PORT=226355;CONNECT=226145;>
12:46:48   SEND_PORT_CONNECT.2 <PORT=226355;CONNECT=226145;>
12:46:48   SEND_PORT_CONNECT.1 <PORT=226356;CONNECT=226146;>
12:46:48   SEND_PORT_CONNECT.2 <PORT=226356;CONNECT=226146;>
12:46:48   SEND_PORT_CONNECT.1 <PORT=226357;CONNECT=226147;>
12:46:48   SEND_PORT_CONNECT.2 <PORT=226357;CONNECT=226147;>
12:46:48   SEND_PORT_CONNECT.1 <PORT=226358;CONNECT=226148;>
12:46:48   SEND_PORT_CONNECT.2 <PORT=226358;CONNECT=226148;>
12:46:48   SEND_PORT_CONNECT.1 <PORT=226359;CONNECT=226149;>
12:46:48   SEND_PORT_CONNECT.2 <PORT=226359;CONNECT=226149;>
12:46:48   SEND_PORT_CONNECT.1 <PORT=226360;CONNECT=226150;>
12:46:48   SEND_PORT_CONNECT.2 <PORT=226360;CONNECT=226150;>
12:46:48   SEND_PORT_CONNECT.1 <PORT=226361;CONNECT=226151;>
12:46:48   SEND_PORT_CONNECT.2 <PORT=226361;CONNECT=226151;>
12:46:48   SEND_PORT_CONNECT.1 <PORT=226362;CONNECT=226152;>
12:46:48   SEND_PORT_CONNECT.2 <PORT=226362;CONNECT=226152;>
12:46:48   SEND_PORT_CONNECT.1 <PORT=226363;CONNECT=226153;>
12:46:48   SEND_PORT_CONNECT.2 <PORT=226363;CONNECT=226153;>
12:46:48   SEND_PORT_CONNECT.1 <PORT=226364;CONNECT=226154;>
12:46:48   SEND_PORT_CONNECT.2 <PORT=226364;CONNECT=226154;>
12:46:48   SEND_PORT_CONNECT.1 <PORT=226365;CONNECT=226155;>
12:46:48   SEND_PORT_CONNECT.2 <PORT=226365;CONNECT=226155;>
12:46:48   SEND_PORT_CONNECT.1 <PORT=226366;CONNECT=226156;>
12:46:48   SEND_PORT_CONNECT.2 <PORT=226366;CONNECT=226156;>
12:46:48   SEND_PORT_CONNECT.1 <PORT=226367;CONNECT=226157;>
12:46:48   SEND_PORT_CONNECT.2 <PORT=226367;CONNECT=226157;>
12:46:48   SEND_PORT_CONNECT.1 <PORT=226368;CONNECT=226158;>
12:46:48   SEND_PORT_CONNECT.2 <PORT=226368;CONNECT=226158;>
12:46:48   SEND_PORT_CONNECT.1 <PORT=226369;CONNECT=226159;>
12:46:48   SEND_PORT_CONNECT.2 <PORT=226369;CONNECT=226159;>
12:46:48   SEND_PORT_CONNECT.1 <PORT=226370;CONNECT=226160;>
12:46:48   SEND_PORT_CONNECT.2 <PORT=226370;CONNECT=226160;>
12:46:48   SEND_PORT_CONNECT.1 <PORT=226371;CONNECT=226161;>
12:46:48   SEND_PORT_CONNECT.2 <PORT=226371;CONNECT=226161;>
12:46:48   SEND_PORT_CONNECT.1 <PORT=226372;CONNECT=226162;>
12:46:48   SEND_PORT_CONNECT.2 <PORT=226372;CONNECT=226162;>
12:46:48   SEND_PORT_CONNECT.1 <PORT=226373;CONNECT=226163;>
12:46:48   SEND_PORT_CONNECT.2 <PORT=226373;CONNECT=226163;>
12:46:48   SEND_PORT_CONNECT.1 <PORT=226375;CONNECT=226194;>
12:46:48   SEND_PORT_CONNECT.2 <PORT=226375;CONNECT=226194;>
12:46:48   SEND_PORT_CONNECT.1 <PORT=226376;CONNECT=226195;>
12:46:48   SEND_PORT_CONNECT.2 <PORT=226376;CONNECT=226195;>
12:46:48   SEND_PORT_CONNECT.1 <PORT=226377;CONNECT=226196;>
12:46:48   SEND_PORT_CONNECT.2 <PORT=226377;CONNECT=226196;>
12:46:48   SEND_PORT_CONNECT.1 <PORT=226378;CONNECT=226197;>
12:46:48   SEND_PORT_CONNECT.2 <PORT=226378;CONNECT=226197;>
12:46:48   SEND_PORT_CONNECT.1 <PORT=226379;CONNECT=226198;>
12:46:48   SEND_PORT_CONNECT.2 <PORT=226379;CONNECT=226198;>
12:46:48   SEND_PORT_CONNECT.1 <PORT=226380;CONNECT=226199;>
12:46:48   SEND_PORT_CONNECT.2 <PORT=226380;CONNECT=226199;>
12:46:48   SEND_PORT_CONNECT.1 <PORT=226381;CONNECT=226200;>
12:46:48   SEND_PORT_CONNECT.2 <PORT=226381;CONNECT=226200;>
12:46:48   SEND_PORT_CONNECT.1 <PORT=226382;CONNECT=226201;>
12:46:48   SEND_PORT_CONNECT.2 <PORT=226382;CONNECT=226201;>
12:46:48   SEND_PORT_CONNECT.1 <PORT=226383;CONNECT=226202;>
12:46:48   SEND_PORT_CONNECT.2 <PORT=226383;CONNECT=226202;>
12:46:48   SEND_PORT_CONNECT.1 <PORT=226384;CONNECT=226203;>
12:46:48   SEND_PORT_CONNECT.2 <PORT=226384;CONNECT=226203;>
12:46:48   SEND_PORT_CONNECT.1 <PORT=226385;CONNECT=226204;>
12:46:48   SEND_PORT_CONNECT.2 <PORT=226385;CONNECT=226204;>
12:46:48   SEND_PORT_CONNECT.1 <PORT=226386;CONNECT=226205;>
12:46:48   SEND_PORT_CONNECT.2 <PORT=226386;CONNECT=226205;>
12:46:48   SEND_PORT_CONNECT.1 <PORT=226387;CONNECT=226206;>
12:46:48   SEND_PORT_CONNECT.2 <PORT=226387;CONNECT=226206;>
12:46:48   SEND_PORT_CONNECT.1 <PORT=226388;CONNECT=226207;>
12:46:48   SEND_PORT_CONNECT.2 <PORT=226388;CONNECT=226207;>
12:46:48   SEND_PORT_CONNECT.1 <PORT=226389;CONNECT=226208;>
12:46:48   SEND_PORT_CONNECT.2 <PORT=226389;CONNECT=226208;>
12:46:48   SEND_PORT_CONNECT.1 <PORT=226390;CONNECT=226209;>
12:46:48   SEND_PORT_CONNECT.2 <PORT=226390;CONNECT=226209;>
12:46:48   SEND_PORT_CONNECT.1 <PORT=226391;CONNECT=226210;>
12:46:48   SEND_PORT_CONNECT.2 <PORT=226391;CONNECT=226210;>
12:46:48   SEND_PORT_CONNECT.1 <PORT=226392;CONNECT=226211;>
12:46:48   SEND_PORT_CONNECT.2 <PORT=226392;CONNECT=226211;>
12:46:48   SEND_PORT_CONNECT.1 <PORT=226393;CONNECT=226212;>
12:46:48   SEND_PORT_CONNECT.2 <PORT=226393;CONNECT=226212;>
12:46:48   SEND_PORT_CONNECT.1 <PORT=226394;CONNECT=226213;>
12:46:48   SEND_PORT_CONNECT.2 <PORT=226394;CONNECT=226213;>
12:46:48   SEND_PORT_CONNECT.1 <PORT=226395;CONNECT=226214;>
12:46:48   SEND_PORT_CONNECT.2 <PORT=226395;CONNECT=226214;>
12:46:48   SEND_PORT_CONNECT.1 <PORT=226396;CONNECT=226215;>
12:46:48   SEND_PORT_CONNECT.2 <PORT=226396;CONNECT=226215;>
12:46:48   SEND_PORT_CONNECT.1 <PORT=226397;CONNECT=226216;>
12:46:48   SEND_PORT_CONNECT.2 <PORT=226397;CONNECT=226216;>
12:46:48   SEND_PORT_CONNECT.1 <PORT=226398;CONNECT=226217;>
12:46:48   SEND_PORT_CONNECT.2 <PORT=226398;CONNECT=226217;>
12:46:48   SEND_PORT_CONNECT.1 <PORT=226399;CONNECT=226218;>
12:46:48   SEND_PORT_CONNECT.2 <PORT=226399;CONNECT=226218;>
12:46:48   SEND_PORT_CONNECT.1 <PORT=226400;CONNECT=226219;>
12:46:48   SEND_PORT_CONNECT.2 <PORT=226400;CONNECT=226219;>
12:46:48   SEND_PORT_CONNECT.1 <PORT=226401;CONNECT=226220;>
12:46:48   SEND_PORT_CONNECT.2 <PORT=226401;CONNECT=226220;>
12:46:48   SEND_PORT_CONNECT.1 <PORT=226402;CONNECT=226221;>
12:46:48   SEND_PORT_CONNECT.2 <PORT=226402;CONNECT=226221;>
12:46:48   SEND_PORT_CONNECT.1 <PORT=226403;CONNECT=226222;>
12:46:48   SEND_PORT_CONNECT.2 <PORT=226403;CONNECT=226222;>
12:46:48   SEND_PORT_CONNECT.1 <PORT=226404;CONNECT=226223;>
12:46:48   SEND_PORT_CONNECT.2 <PORT=226404;CONNECT=226223;>
12:46:48   >>>>>>>ANALIZE=FALSE - ID=14882
12:46:48   SEND_PORT_CONNECT.1 <PORT=228259;CONNECT=228049;>
12:46:48   SEND_PORT_CONNECT.2 <PORT=228259;CONNECT=228049;>
12:46:48   SEND_PORT_CONNECT.1 <PORT=228260;CONNECT=228050;>
12:46:48   SEND_PORT_CONNECT.2 <PORT=228260;CONNECT=228050;>
12:46:48   SEND_PORT_CONNECT.1 <PORT=228261;CONNECT=228051;>
12:46:48   SEND_PORT_CONNECT.2 <PORT=228261;CONNECT=228051;>
12:46:48   SEND_PORT_CONNECT.1 <PORT=228262;CONNECT=228052;>
12:46:48   SEND_PORT_CONNECT.2 <PORT=228262;CONNECT=228052;>
12:46:48   SEND_PORT_CONNECT.1 <PORT=228263;CONNECT=228053;>
12:46:48   SEND_PORT_CONNECT.2 <PORT=228263;CONNECT=228053;>
12:46:48   SEND_PORT_CONNECT.1 <PORT=228264;CONNECT=228054;>
12:46:48   SEND_PORT_CONNECT.2 <PORT=228264;CONNECT=228054;>
12:46:48   SEND_PORT_CONNECT.1 <PORT=228265;CONNECT=228055;>
12:46:48   SEND_PORT_CONNECT.2 <PORT=228265;CONNECT=228055;>
12:46:48   SEND_PORT_CONNECT.1 <PORT=228266;CONNECT=228056;>
12:46:48   SEND_PORT_CONNECT.2 <PORT=228266;CONNECT=228056;>
12:46:48   SEND_PORT_CONNECT.1 <PORT=228267;CONNECT=228057;>
12:46:48   SEND_PORT_CONNECT.2 <PORT=228267;CONNECT=228057;>
12:46:48   SEND_PORT_CONNECT.1 <PORT=228268;CONNECT=228058;>
12:46:48   SEND_PORT_CONNECT.2 <PORT=228268;CONNECT=228058;>
12:46:48   SEND_PORT_CONNECT.1 <PORT=228269;CONNECT=228270;>
12:46:48   SEND_PORT_CONNECT.2 <PORT=228269;CONNECT=228270;>
12:46:48   SEND_PORT_CONNECT.1 <PORT=228271;CONNECT=228061;>
12:46:48   SEND_PORT_CONNECT.2 <PORT=228271;CONNECT=228061;>
12:46:48   SEND_PORT_CONNECT.1 <PORT=228272;CONNECT=228062;>
12:46:48   SEND_PORT_CONNECT.2 <PORT=228272;CONNECT=228062;>
12:46:48   SEND_PORT_CONNECT.1 <PORT=228273;CONNECT=228063;>
12:46:48   SEND_PORT_CONNECT.2 <PORT=228273;CONNECT=228063;>
12:46:48   SEND_PORT_CONNECT.1 <PORT=228274;CONNECT=228064;>
12:46:48   SEND_PORT_CONNECT.2 <PORT=228274;CONNECT=228064;>
12:46:48   SEND_PORT_CONNECT.1 <PORT=228275;CONNECT=228065;>
12:46:48   SEND_PORT_CONNECT.2 <PORT=228275;CONNECT=228065;>
12:46:48   SEND_PORT_CONNECT.1 <PORT=228276;CONNECT=228066;>
12:46:48   SEND_PORT_CONNECT.2 <PORT=228276;CONNECT=228066;>
12:46:48   SEND_PORT_CONNECT.1 <PORT=228277;CONNECT=228067;>
12:46:48   SEND_PORT_CONNECT.2 <PORT=228277;CONNECT=228067;>
12:46:48   SEND_PORT_CONNECT.1 <PORT=228278;CONNECT=228068;>
12:46:48   SEND_PORT_CONNECT.2 <PORT=228278;CONNECT=228068;>
12:46:48   SEND_PORT_CONNECT.1 <PORT=228279;CONNECT=228069;>
12:46:48   SEND_PORT_CONNECT.2 <PORT=228279;CONNECT=228069;>
12:46:48   SEND_PORT_CONNECT.1 <PORT=228280;CONNECT=228070;>
12:46:48   SEND_PORT_CONNECT.2 <PORT=228280;CONNECT=228070;>
12:46:48   SEND_PORT_CONNECT.1 <PORT=228281;CONNECT=228071;>
12:46:48   SEND_PORT_CONNECT.2 <PORT=228281;CONNECT=228071;>
12:46:48   SEND_PORT_CONNECT.1 <PORT=228282;CONNECT=228072;>
12:46:48   SEND_PORT_CONNECT.2 <PORT=228282;CONNECT=228072;>
12:46:48   SEND_PORT_CONNECT.1 <PORT=228283;CONNECT=228073;>
12:46:48   SEND_PORT_CONNECT.2 <PORT=228283;CONNECT=228073;>
12:46:48   SEND_PORT_CONNECT.1 <PORT=228284;CONNECT=228074;>
12:46:48   SEND_PORT_CONNECT.2 <PORT=228284;CONNECT=228074;>
12:46:48   SEND_PORT_CONNECT.1 <PORT=228285;CONNECT=228075;>
12:46:48   SEND_PORT_CONNECT.2 <PORT=228285;CONNECT=228075;>
12:46:48   SEND_PORT_CONNECT.1 <PORT=228286;CONNECT=228076;>
12:46:48   SEND_PORT_CONNECT.2 <PORT=228286;CONNECT=228076;>
12:46:48   SEND_PORT_CONNECT.1 <PORT=228287;CONNECT=228077;>
12:46:48   SEND_PORT_CONNECT.2 <PORT=228287;CONNECT=228077;>
12:46:48   SEND_PORT_CONNECT.1 <PORT=228288;CONNECT=228078;>
12:46:48   SEND_PORT_CONNECT.2 <PORT=228288;CONNECT=228078;>
12:46:48   SEND_PORT_CONNECT.1 <PORT=228290;CONNECT=228109;>
12:46:48   SEND_PORT_CONNECT.2 <PORT=228290;CONNECT=228109;>
12:46:48   SEND_PORT_CONNECT.1 <PORT=228291;CONNECT=228110;>
12:46:48   SEND_PORT_CONNECT.2 <PORT=228291;CONNECT=228110;>
12:46:48   SEND_PORT_CONNECT.1 <PORT=228292;CONNECT=228111;>
12:46:48   SEND_PORT_CONNECT.2 <PORT=228292;CONNECT=228111;>
12:46:48   SEND_PORT_CONNECT.1 <PORT=228293;CONNECT=228112;>
12:46:48   SEND_PORT_CONNECT.2 <PORT=228293;CONNECT=228112;>
12:46:48   SEND_PORT_CONNECT.1 <PORT=228294;CONNECT=228113;>
12:46:48   SEND_PORT_CONNECT.2 <PORT=228294;CONNECT=228113;>
12:46:48   SEND_PORT_CONNECT.1 <PORT=228295;CONNECT=228114;>
12:46:48   SEND_PORT_CONNECT.2 <PORT=228295;CONNECT=228114;>
12:46:48   SEND_PORT_CONNECT.1 <PORT=228296;CONNECT=228115;>
12:46:48   SEND_PORT_CONNECT.2 <PORT=228296;CONNECT=228115;>
12:46:48   SEND_PORT_CONNECT.1 <PORT=228297;CONNECT=228116;>
12:46:48   SEND_PORT_CONNECT.2 <PORT=228297;CONNECT=228116;>
12:46:48   SEND_PORT_CONNECT.1 <PORT=228298;CONNECT=228117;>
12:46:48   SEND_PORT_CONNECT.2 <PORT=228298;CONNECT=228117;>
12:46:48   SEND_PORT_CONNECT.1 <PORT=228299;CONNECT=228118;>
12:46:48   SEND_PORT_CONNECT.2 <PORT=228299;CONNECT=228118;>
12:46:48   SEND_PORT_CONNECT.1 <PORT=228300;CONNECT=228119;>
12:46:48   SEND_PORT_CONNECT.2 <PORT=228300;CONNECT=228119;>
12:46:48   SEND_PORT_CONNECT.1 <PORT=228301;CONNECT=228120;>
12:46:48   SEND_PORT_CONNECT.2 <PORT=228301;CONNECT=228120;>
12:46:48   SEND_PORT_CONNECT.1 <PORT=228302;CONNECT=228121;>
12:46:48   SEND_PORT_CONNECT.2 <PORT=228302;CONNECT=228121;>
12:46:48   SEND_PORT_CONNECT.1 <PORT=228303;CONNECT=228122;>
12:46:48   SEND_PORT_CONNECT.2 <PORT=228303;CONNECT=228122;>
12:46:48   SEND_PORT_CONNECT.1 <PORT=228304;CONNECT=228123;>
12:46:48   SEND_PORT_CONNECT.2 <PORT=228304;CONNECT=228123;>
12:46:48   SEND_PORT_CONNECT.1 <PORT=228305;CONNECT=228124;>
12:46:48   SEND_PORT_CONNECT.2 <PORT=228305;CONNECT=228124;>
12:46:48   SEND_PORT_CONNECT.1 <PORT=228306;CONNECT=228125;>
12:46:48   SEND_PORT_CONNECT.2 <PORT=228306;CONNECT=228125;>
12:46:48   SEND_PORT_CONNECT.1 <PORT=228307;CONNECT=228126;>
12:46:48   SEND_PORT_CONNECT.2 <PORT=228307;CONNECT=228126;>
12:46:48   SEND_PORT_CONNECT.1 <PORT=228308;CONNECT=228127;>
12:46:48   SEND_PORT_CONNECT.2 <PORT=228308;CONNECT=228127;>
12:46:48   SEND_PORT_CONNECT.1 <PORT=228309;CONNECT=228128;>
12:46:48   SEND_PORT_CONNECT.2 <PORT=228309;CONNECT=228128;>
12:46:48   SEND_PORT_CONNECT.1 <PORT=228310;CONNECT=228129;>
12:46:48   SEND_PORT_CONNECT.2 <PORT=228310;CONNECT=228129;>
12:46:48   SEND_PORT_CONNECT.1 <PORT=228311;CONNECT=228130;>
12:46:48   SEND_PORT_CONNECT.2 <PORT=228311;CONNECT=228130;>
12:46:48   SEND_PORT_CONNECT.1 <PORT=228312;CONNECT=228131;>
12:46:48   SEND_PORT_CONNECT.2 <PORT=228312;CONNECT=228131;>
12:46:48   SEND_PORT_CONNECT.1 <PORT=228313;CONNECT=228132;>
12:46:48   SEND_PORT_CONNECT.2 <PORT=228313;CONNECT=228132;>
12:46:48   SEND_PORT_CONNECT.1 <PORT=228314;CONNECT=228133;>
12:46:48   SEND_PORT_CONNECT.2 <PORT=228314;CONNECT=228133;>
12:46:48   SEND_PORT_CONNECT.1 <PORT=228315;CONNECT=228134;>
12:46:48   SEND_PORT_CONNECT.2 <PORT=228315;CONNECT=228134;>
12:46:48   SEND_PORT_CONNECT.1 <PORT=228316;CONNECT=228135;>
12:46:48   SEND_PORT_CONNECT.2 <PORT=228316;CONNECT=228135;>
12:46:48   SEND_PORT_CONNECT.1 <PORT=228317;CONNECT=228136;>
12:46:48   SEND_PORT_CONNECT.2 <PORT=228317;CONNECT=228136;>
12:46:48   SEND_PORT_CONNECT.1 <PORT=228318;CONNECT=228137;>
12:46:48   SEND_PORT_CONNECT.2 <PORT=228318;CONNECT=228137;>
12:46:48   SEND_PORT_CONNECT.1 <PORT=228319;CONNECT=228138;>
12:46:48   SEND_PORT_CONNECT.2 <PORT=228319;CONNECT=228138;>
12:46:48   SEND_PORT_CONNECT.1 <PORT=228060;CONNECT=228270;>
12:46:48   SEND_PORT_CONNECT.2 <PORT=228060;CONNECT=228270;>
12:46:48   >>>>>>>ANALIZE=FALSE - ID=14950
12:46:48   SEND_PORT_CONNECT.1 <PORT=234251;CONNECT=234282;>
12:46:48   SEND_PORT_CONNECT.2 <PORT=234251;CONNECT=234282;>
12:46:48   SEND_PORT_CONNECT.1 <PORT=234252;CONNECT=234283;>
12:46:48   SEND_PORT_CONNECT.2 <PORT=234252;CONNECT=234283;>
12:46:48   SEND_PORT_CONNECT.1 <PORT=234253;CONNECT=234284;>
12:46:48   SEND_PORT_CONNECT.2 <PORT=234253;CONNECT=234284;>
12:46:48   SEND_PORT_CONNECT.1 <PORT=234254;CONNECT=234285;>
12:46:48   SEND_PORT_CONNECT.2 <PORT=234254;CONNECT=234285;>
12:46:48   SEND_PORT_CONNECT.1 <PORT=234255;CONNECT=234045;>
12:46:48   SEND_PORT_CONNECT.2 <PORT=234255;CONNECT=234045;>
12:46:48   SEND_PORT_CONNECT.1 <PORT=234256;CONNECT=234046;>
12:46:48   SEND_PORT_CONNECT.2 <PORT=234256;CONNECT=234046;>
12:46:48   SEND_PORT_CONNECT.1 <PORT=234257;CONNECT=234047;>
12:46:48   SEND_PORT_CONNECT.2 <PORT=234257;CONNECT=234047;>
12:46:48   SEND_PORT_CONNECT.1 <PORT=234258;CONNECT=234048;>
12:46:48   SEND_PORT_CONNECT.2 <PORT=234258;CONNECT=234048;>
12:46:48   SEND_PORT_CONNECT.1 <PORT=234259;CONNECT=234049;>
12:46:48   SEND_PORT_CONNECT.2 <PORT=234259;CONNECT=234049;>
12:46:48   SEND_PORT_CONNECT.1 <PORT=234260;CONNECT=234050;>
12:46:48   SEND_PORT_CONNECT.2 <PORT=234260;CONNECT=234050;>
12:46:48   SEND_PORT_CONNECT.1 <PORT=234261;CONNECT=234051;>
12:46:48   SEND_PORT_CONNECT.2 <PORT=234261;CONNECT=234051;>
12:46:48   SEND_PORT_CONNECT.1 <PORT=234262;CONNECT=234293;>
12:46:48   SEND_PORT_CONNECT.2 <PORT=234262;CONNECT=234293;>
12:46:48   SEND_PORT_CONNECT.1 <PORT=234263;CONNECT=234294;>
12:46:48   SEND_PORT_CONNECT.2 <PORT=234263;CONNECT=234294;>
12:46:48   SEND_PORT_CONNECT.1 <PORT=234264;CONNECT=234054;>
12:46:48   SEND_PORT_CONNECT.2 <PORT=234264;CONNECT=234054;>
12:46:48   SEND_PORT_CONNECT.1 <PORT=234265;CONNECT=234055;>
12:46:48   SEND_PORT_CONNECT.2 <PORT=234265;CONNECT=234055;>
12:46:48   SEND_PORT_CONNECT.1 <PORT=234266;CONNECT=234056;>
12:46:48   SEND_PORT_CONNECT.2 <PORT=234266;CONNECT=234056;>
12:46:48   SEND_PORT_CONNECT.1 <PORT=234267;CONNECT=234057;>
12:46:48   SEND_PORT_CONNECT.2 <PORT=234267;CONNECT=234057;>
12:46:48   SEND_PORT_CONNECT.1 <PORT=234268;CONNECT=234058;>
12:46:48   SEND_PORT_CONNECT.2 <PORT=234268;CONNECT=234058;>
12:46:48   SEND_PORT_CONNECT.1 <PORT=234269;CONNECT=234059;>
12:46:48   SEND_PORT_CONNECT.2 <PORT=234269;CONNECT=234059;>
12:46:48   SEND_PORT_CONNECT.1 <PORT=234270;CONNECT=234060;>
12:46:48   SEND_PORT_CONNECT.2 <PORT=234270;CONNECT=234060;>
12:46:48   SEND_PORT_CONNECT.1 <PORT=234271;CONNECT=234061;>
12:46:48   SEND_PORT_CONNECT.2 <PORT=234271;CONNECT=234061;>
12:46:48   SEND_PORT_CONNECT.1 <PORT=234272;CONNECT=234062;>
12:46:48   SEND_PORT_CONNECT.2 <PORT=234272;CONNECT=234062;>
12:46:48   SEND_PORT_CONNECT.1 <PORT=234273;CONNECT=234063;>
12:46:48   SEND_PORT_CONNECT.2 <PORT=234273;CONNECT=234063;>
12:46:48   SEND_PORT_CONNECT.1 <PORT=234274;CONNECT=234064;>
12:46:48   SEND_PORT_CONNECT.2 <PORT=234274;CONNECT=234064;>
12:46:48   SEND_PORT_CONNECT.1 <PORT=234275;CONNECT=234065;>
12:46:48   SEND_PORT_CONNECT.2 <PORT=234275;CONNECT=234065;>
12:46:48   SEND_PORT_CONNECT.1 <PORT=234276;CONNECT=234307;>
12:46:48   SEND_PORT_CONNECT.2 <PORT=234276;CONNECT=234307;>
12:46:48   SEND_PORT_CONNECT.1 <PORT=234277;CONNECT=234308;>
12:46:48   SEND_PORT_CONNECT.2 <PORT=234277;CONNECT=234308;>
12:46:48   SEND_PORT_CONNECT.1 <PORT=234278;CONNECT=234309;>
12:46:48   SEND_PORT_CONNECT.2 <PORT=234278;CONNECT=234309;>
12:46:48   SEND_PORT_CONNECT.1 <PORT=234279;CONNECT=234310;>
12:46:48   SEND_PORT_CONNECT.2 <PORT=234279;CONNECT=234310;>
12:46:48   SEND_PORT_CONNECT.1 <PORT=234281;CONNECT=234040;>
12:46:48   SEND_PORT_CONNECT.2 <PORT=234281;CONNECT=234040;>
12:46:48   SEND_PORT_CONNECT.1 <PORT=234286;CONNECT=234105;>
12:46:48   SEND_PORT_CONNECT.2 <PORT=234286;CONNECT=234105;>
12:46:48   SEND_PORT_CONNECT.1 <PORT=234287;CONNECT=234106;>
12:46:48   SEND_PORT_CONNECT.2 <PORT=234287;CONNECT=234106;>
12:46:48   SEND_PORT_CONNECT.1 <PORT=234288;CONNECT=234107;>
12:46:48   SEND_PORT_CONNECT.2 <PORT=234288;CONNECT=234107;>
12:46:48   SEND_PORT_CONNECT.1 <PORT=234289;CONNECT=234108;>
12:46:48   SEND_PORT_CONNECT.2 <PORT=234289;CONNECT=234108;>
12:46:48   SEND_PORT_CONNECT.1 <PORT=234290;CONNECT=234109;>
12:46:48   SEND_PORT_CONNECT.2 <PORT=234290;CONNECT=234109;>
12:46:48   SEND_PORT_CONNECT.1 <PORT=234291;CONNECT=234110;>
12:46:48   SEND_PORT_CONNECT.2 <PORT=234291;CONNECT=234110;>
12:46:48   SEND_PORT_CONNECT.1 <PORT=234292;CONNECT=234111;>
12:46:48   SEND_PORT_CONNECT.2 <PORT=234292;CONNECT=234111;>
12:46:48   SEND_PORT_CONNECT.1 <PORT=234295;CONNECT=234114;>
12:46:48   SEND_PORT_CONNECT.2 <PORT=234295;CONNECT=234114;>
12:46:48   SEND_PORT_CONNECT.1 <PORT=234296;CONNECT=234115;>
12:46:48   SEND_PORT_CONNECT.2 <PORT=234296;CONNECT=234115;>
12:46:48   SEND_PORT_CONNECT.1 <PORT=234297;CONNECT=234116;>
12:46:48   SEND_PORT_CONNECT.2 <PORT=234297;CONNECT=234116;>
12:46:48   SEND_PORT_CONNECT.1 <PORT=234298;CONNECT=234117;>
12:46:48   SEND_PORT_CONNECT.2 <PORT=234298;CONNECT=234117;>
12:46:48   SEND_PORT_CONNECT.1 <PORT=234299;CONNECT=234118;>
12:46:48   SEND_PORT_CONNECT.2 <PORT=234299;CONNECT=234118;>
12:46:48   SEND_PORT_CONNECT.1 <PORT=234300;CONNECT=234119;>
12:46:48   SEND_PORT_CONNECT.2 <PORT=234300;CONNECT=234119;>
12:46:48   SEND_PORT_CONNECT.1 <PORT=234301;CONNECT=234120;>
12:46:48   SEND_PORT_CONNECT.2 <PORT=234301;CONNECT=234120;>
12:46:48   SEND_PORT_CONNECT.1 <PORT=234302;CONNECT=234121;>
12:46:48   SEND_PORT_CONNECT.2 <PORT=234302;CONNECT=234121;>
12:46:48   SEND_PORT_CONNECT.1 <PORT=234303;CONNECT=234122;>
12:46:48   SEND_PORT_CONNECT.2 <PORT=234303;CONNECT=234122;>
12:46:48   SEND_PORT_CONNECT.1 <PORT=234304;CONNECT=234123;>
12:46:48   SEND_PORT_CONNECT.2 <PORT=234304;CONNECT=234123;>
12:46:48   SEND_PORT_CONNECT.1 <PORT=234305;CONNECT=234124;>
12:46:48   SEND_PORT_CONNECT.2 <PORT=234305;CONNECT=234124;>
12:46:48   SEND_PORT_CONNECT.1 <PORT=234306;CONNECT=234125;>
12:46:48   SEND_PORT_CONNECT.2 <PORT=234306;CONNECT=234125;>
12:46:48   >>>>>>>ANALIZE=FALSE - ID=15316
12:46:49   SEND_PORT_CONNECT.1 <PORT=229308;CONNECT=229098;>
12:46:49   SEND_PORT_CONNECT.2 <PORT=229308;CONNECT=229098;>
12:46:49   SEND_PORT_CONNECT.1 <PORT=229309;CONNECT=229099;>
12:46:49   SEND_PORT_CONNECT.2 <PORT=229309;CONNECT=229099;>
12:46:49   SEND_PORT_CONNECT.1 <PORT=229310;CONNECT=229100;>
12:46:49   SEND_PORT_CONNECT.2 <PORT=229310;CONNECT=229100;>
12:46:49   SEND_PORT_CONNECT.1 <PORT=229311;CONNECT=229101;>
12:46:49   SEND_PORT_CONNECT.2 <PORT=229311;CONNECT=229101;>
12:46:49   SEND_PORT_CONNECT.1 <PORT=229312;CONNECT=229102;>
12:46:49   SEND_PORT_CONNECT.2 <PORT=229312;CONNECT=229102;>
12:46:49   SEND_PORT_CONNECT.1 <PORT=229313;CONNECT=229103;>
12:46:49   SEND_PORT_CONNECT.2 <PORT=229313;CONNECT=229103;>
12:46:49   SEND_PORT_CONNECT.1 <PORT=229314;CONNECT=229104;>
12:46:49   SEND_PORT_CONNECT.2 <PORT=229314;CONNECT=229104;>
12:46:49   SEND_PORT_CONNECT.1 <PORT=229315;CONNECT=229105;>
12:46:49   SEND_PORT_CONNECT.2 <PORT=229315;CONNECT=229105;>
12:46:49   SEND_PORT_CONNECT.1 <PORT=229316;CONNECT=229106;>
12:46:49   SEND_PORT_CONNECT.2 <PORT=229316;CONNECT=229106;>
12:46:49   SEND_PORT_CONNECT.1 <PORT=229317;CONNECT=229107;>
12:46:49   SEND_PORT_CONNECT.2 <PORT=229317;CONNECT=229107;>
12:46:49   SEND_PORT_CONNECT.1 <PORT=229318;CONNECT=229108;>
12:46:49   SEND_PORT_CONNECT.2 <PORT=229318;CONNECT=229108;>
12:46:49   SEND_PORT_CONNECT.1 <PORT=229319;CONNECT=229109;>
12:46:49   SEND_PORT_CONNECT.2 <PORT=229319;CONNECT=229109;>
12:46:49   SEND_PORT_CONNECT.1 <PORT=229320;CONNECT=229110;>
12:46:49   SEND_PORT_CONNECT.2 <PORT=229320;CONNECT=229110;>
12:46:49   SEND_PORT_CONNECT.1 <PORT=229321;CONNECT=229111;>
12:46:49   SEND_PORT_CONNECT.2 <PORT=229321;CONNECT=229111;>
12:46:49   SEND_PORT_CONNECT.1 <PORT=229322;CONNECT=229112;>
12:46:49   SEND_PORT_CONNECT.2 <PORT=229322;CONNECT=229112;>
12:46:49   SEND_PORT_CONNECT.1 <PORT=229323;CONNECT=229113;>
12:46:49   SEND_PORT_CONNECT.2 <PORT=229323;CONNECT=229113;>
12:46:49   SEND_PORT_CONNECT.1 <PORT=229324;CONNECT=229114;>
12:46:49   SEND_PORT_CONNECT.2 <PORT=229324;CONNECT=229114;>
12:46:49   SEND_PORT_CONNECT.1 <PORT=229325;CONNECT=229115;>
12:46:49   SEND_PORT_CONNECT.2 <PORT=229325;CONNECT=229115;>
12:46:49   SEND_PORT_CONNECT.1 <PORT=229326;CONNECT=229116;>
12:46:49   SEND_PORT_CONNECT.2 <PORT=229326;CONNECT=229116;>
12:46:49   SEND_PORT_CONNECT.1 <PORT=229327;CONNECT=229117;>
12:46:49   SEND_PORT_CONNECT.2 <PORT=229327;CONNECT=229117;>
12:46:49   SEND_PORT_CONNECT.1 <PORT=229328;CONNECT=229118;>
12:46:49   SEND_PORT_CONNECT.2 <PORT=229328;CONNECT=229118;>
12:46:49   SEND_PORT_CONNECT.1 <PORT=229329;CONNECT=229119;>
12:46:49   SEND_PORT_CONNECT.2 <PORT=229329;CONNECT=229119;>
12:46:49   SEND_PORT_CONNECT.1 <PORT=229330;CONNECT=229120;>
12:46:49   SEND_PORT_CONNECT.2 <PORT=229330;CONNECT=229120;>
12:46:49   SEND_PORT_CONNECT.1 <PORT=229331;CONNECT=229121;>
12:46:49   SEND_PORT_CONNECT.2 <PORT=229331;CONNECT=229121;>
12:46:49   SEND_PORT_CONNECT.1 <PORT=229332;CONNECT=229122;>
12:46:49   SEND_PORT_CONNECT.2 <PORT=229332;CONNECT=229122;>
12:46:49   SEND_PORT_CONNECT.1 <PORT=229333;CONNECT=229123;>
12:46:49   SEND_PORT_CONNECT.2 <PORT=229333;CONNECT=229123;>
12:46:49   SEND_PORT_CONNECT.1 <PORT=229334;CONNECT=229124;>
12:46:49   SEND_PORT_CONNECT.2 <PORT=229334;CONNECT=229124;>
12:46:49   SEND_PORT_CONNECT.1 <PORT=229335;CONNECT=229125;>
12:46:49   SEND_PORT_CONNECT.2 <PORT=229335;CONNECT=229125;>
12:46:49   SEND_PORT_CONNECT.1 <PORT=229336;CONNECT=229126;>
12:46:49   SEND_PORT_CONNECT.2 <PORT=229336;CONNECT=229126;>
12:46:49   SEND_PORT_CONNECT.1 <PORT=229337;CONNECT=229127;>
12:46:49   SEND_PORT_CONNECT.2 <PORT=229337;CONNECT=229127;>
12:46:49   SEND_PORT_CONNECT.1 <PORT=229339;CONNECT=229158;>
12:46:49   SEND_PORT_CONNECT.2 <PORT=229339;CONNECT=229158;>
12:46:49   SEND_PORT_CONNECT.1 <PORT=229340;CONNECT=229159;>
12:46:49   SEND_PORT_CONNECT.2 <PORT=229340;CONNECT=229159;>
12:46:49   SEND_PORT_CONNECT.1 <PORT=229341;CONNECT=229160;>
12:46:49   SEND_PORT_CONNECT.2 <PORT=229341;CONNECT=229160;>
12:46:49   SEND_PORT_CONNECT.1 <PORT=229342;CONNECT=229161;>
12:46:49   SEND_PORT_CONNECT.2 <PORT=229342;CONNECT=229161;>
12:46:49   SEND_PORT_CONNECT.1 <PORT=229343;CONNECT=229162;>
12:46:49   SEND_PORT_CONNECT.2 <PORT=229343;CONNECT=229162;>
12:46:49   SEND_PORT_CONNECT.1 <PORT=229344;CONNECT=229163;>
12:46:49   SEND_PORT_CONNECT.2 <PORT=229344;CONNECT=229163;>
12:46:49   SEND_PORT_CONNECT.1 <PORT=229345;CONNECT=229164;>
12:46:49   SEND_PORT_CONNECT.2 <PORT=229345;CONNECT=229164;>
12:46:49   SEND_PORT_CONNECT.1 <PORT=229346;CONNECT=229165;>
12:46:49   SEND_PORT_CONNECT.2 <PORT=229346;CONNECT=229165;>
12:46:49   SEND_PORT_CONNECT.1 <PORT=229347;CONNECT=229166;>
12:46:49   SEND_PORT_CONNECT.2 <PORT=229347;CONNECT=229166;>
12:46:49   SEND_PORT_CONNECT.1 <PORT=229348;CONNECT=229167;>
12:46:49   SEND_PORT_CONNECT.2 <PORT=229348;CONNECT=229167;>
12:46:49   SEND_PORT_CONNECT.1 <PORT=229349;CONNECT=229168;>
12:46:49   SEND_PORT_CONNECT.2 <PORT=229349;CONNECT=229168;>
12:46:49   SEND_PORT_CONNECT.1 <PORT=229350;CONNECT=229169;>
12:46:49   SEND_PORT_CONNECT.2 <PORT=229350;CONNECT=229169;>
12:46:49   SEND_PORT_CONNECT.1 <PORT=229351;CONNECT=229170;>
12:46:49   SEND_PORT_CONNECT.2 <PORT=229351;CONNECT=229170;>
12:46:49   SEND_PORT_CONNECT.1 <PORT=229352;CONNECT=229171;>
12:46:49   SEND_PORT_CONNECT.2 <PORT=229352;CONNECT=229171;>
12:46:49   SEND_PORT_CONNECT.1 <PORT=229353;CONNECT=229172;>
12:46:49   SEND_PORT_CONNECT.2 <PORT=229353;CONNECT=229172;>
12:46:49   SEND_PORT_CONNECT.1 <PORT=229354;CONNECT=229173;>
12:46:49   SEND_PORT_CONNECT.2 <PORT=229354;CONNECT=229173;>
12:46:49   SEND_PORT_CONNECT.1 <PORT=229355;CONNECT=229174;>
12:46:49   SEND_PORT_CONNECT.2 <PORT=229355;CONNECT=229174;>
12:46:49   SEND_PORT_CONNECT.1 <PORT=229356;CONNECT=229175;>
12:46:49   SEND_PORT_CONNECT.2 <PORT=229356;CONNECT=229175;>
12:46:49   SEND_PORT_CONNECT.1 <PORT=229357;CONNECT=229176;>
12:46:49   SEND_PORT_CONNECT.2 <PORT=229357;CONNECT=229176;>
12:46:49   SEND_PORT_CONNECT.1 <PORT=229358;CONNECT=229177;>
12:46:49   SEND_PORT_CONNECT.2 <PORT=229358;CONNECT=229177;>
12:46:49   SEND_PORT_CONNECT.1 <PORT=229359;CONNECT=229178;>
12:46:49   SEND_PORT_CONNECT.2 <PORT=229359;CONNECT=229178;>
12:46:49   SEND_PORT_CONNECT.1 <PORT=229360;CONNECT=229179;>
12:46:49   SEND_PORT_CONNECT.2 <PORT=229360;CONNECT=229179;>
12:46:49   SEND_PORT_CONNECT.1 <PORT=229361;CONNECT=229180;>
12:46:49   SEND_PORT_CONNECT.2 <PORT=229361;CONNECT=229180;>
12:46:49   SEND_PORT_CONNECT.1 <PORT=229362;CONNECT=229181;>
12:46:49   SEND_PORT_CONNECT.2 <PORT=229362;CONNECT=229181;>
12:46:49   SEND_PORT_CONNECT.1 <PORT=229363;CONNECT=229182;>
12:46:49   SEND_PORT_CONNECT.2 <PORT=229363;CONNECT=229182;>
12:46:49   SEND_PORT_CONNECT.1 <PORT=229364;CONNECT=229183;>
12:46:49   SEND_PORT_CONNECT.2 <PORT=229364;CONNECT=229183;>
12:46:49   SEND_PORT_CONNECT.1 <PORT=229365;CONNECT=229184;>
12:46:49   SEND_PORT_CONNECT.2 <PORT=229365;CONNECT=229184;>
12:46:49   SEND_PORT_CONNECT.1 <PORT=229366;CONNECT=229185;>
12:46:49   SEND_PORT_CONNECT.2 <PORT=229366;CONNECT=229185;>
12:46:49   SEND_PORT_CONNECT.1 <PORT=229367;CONNECT=229186;>
12:46:49   SEND_PORT_CONNECT.2 <PORT=229367;CONNECT=229186;>
12:46:49   SEND_PORT_CONNECT.1 <PORT=229368;CONNECT=229187;>
12:46:49   SEND_PORT_CONNECT.2 <PORT=229368;CONNECT=229187;>
12:46:49   >>>>>>>ANALIZE=FALSE - ID=14982
12:46:49   SEND_PORT_CONNECT.1 <PORT=227622;CONNECT=227412;>
12:46:49   SEND_PORT_CONNECT.2 <PORT=227622;CONNECT=227412;>
12:46:49   SEND_PORT_CONNECT.1 <PORT=227623;CONNECT=227413;>
12:46:49   SEND_PORT_CONNECT.2 <PORT=227623;CONNECT=227413;>
12:46:49   SEND_PORT_CONNECT.1 <PORT=227624;CONNECT=227414;>
12:46:49   SEND_PORT_CONNECT.2 <PORT=227624;CONNECT=227414;>
12:46:49   SEND_PORT_CONNECT.1 <PORT=227625;CONNECT=227415;>
12:46:49   SEND_PORT_CONNECT.2 <PORT=227625;CONNECT=227415;>
12:46:49   SEND_PORT_CONNECT.1 <PORT=227626;CONNECT=227416;>
12:46:49   SEND_PORT_CONNECT.2 <PORT=227626;CONNECT=227416;>
12:46:49   SEND_PORT_CONNECT.1 <PORT=227627;CONNECT=227417;>
12:46:49   SEND_PORT_CONNECT.2 <PORT=227627;CONNECT=227417;>
12:46:49   SEND_PORT_CONNECT.1 <PORT=227628;CONNECT=227418;>
12:46:49   SEND_PORT_CONNECT.2 <PORT=227628;CONNECT=227418;>
12:46:49   SEND_PORT_CONNECT.1 <PORT=227629;CONNECT=227419;>
12:46:49   SEND_PORT_CONNECT.2 <PORT=227629;CONNECT=227419;>
12:46:49   SEND_PORT_CONNECT.1 <PORT=227630;CONNECT=227420;>
12:46:49   SEND_PORT_CONNECT.2 <PORT=227630;CONNECT=227420;>
12:46:49   SEND_PORT_CONNECT.1 <PORT=227631;CONNECT=227421;>
12:46:49   SEND_PORT_CONNECT.2 <PORT=227631;CONNECT=227421;>
12:46:49   SEND_PORT_CONNECT.1 <PORT=227632;CONNECT=227422;>
12:46:49   SEND_PORT_CONNECT.2 <PORT=227632;CONNECT=227422;>
12:46:49   SEND_PORT_CONNECT.1 <PORT=227633;CONNECT=227423;>
12:46:49   SEND_PORT_CONNECT.2 <PORT=227633;CONNECT=227423;>
12:46:49   SEND_PORT_CONNECT.1 <PORT=227634;CONNECT=227424;>
12:46:49   SEND_PORT_CONNECT.2 <PORT=227634;CONNECT=227424;>
12:46:49   SEND_PORT_CONNECT.1 <PORT=227635;CONNECT=227425;>
12:46:49   SEND_PORT_CONNECT.2 <PORT=227635;CONNECT=227425;>
12:46:49   SEND_PORT_CONNECT.1 <PORT=227636;CONNECT=227426;>
12:46:49   SEND_PORT_CONNECT.2 <PORT=227636;CONNECT=227426;>
12:46:49   SEND_PORT_CONNECT.1 <PORT=227637;CONNECT=227427;>
12:46:49   SEND_PORT_CONNECT.2 <PORT=227637;CONNECT=227427;>
12:46:49   SEND_PORT_CONNECT.1 <PORT=227638;CONNECT=227428;>
12:46:49   SEND_PORT_CONNECT.2 <PORT=227638;CONNECT=227428;>
12:46:49   SEND_PORT_CONNECT.1 <PORT=227639;CONNECT=227429;>
12:46:49   SEND_PORT_CONNECT.2 <PORT=227639;CONNECT=227429;>
12:46:49   SEND_PORT_CONNECT.1 <PORT=227640;CONNECT=227430;>
12:46:49   SEND_PORT_CONNECT.2 <PORT=227640;CONNECT=227430;>
12:46:49   SEND_PORT_CONNECT.1 <PORT=227641;CONNECT=227431;>
12:46:49   SEND_PORT_CONNECT.2 <PORT=227641;CONNECT=227431;>
12:46:49   SEND_PORT_CONNECT.1 <PORT=227642;CONNECT=227432;>
12:46:49   SEND_PORT_CONNECT.2 <PORT=227642;CONNECT=227432;>
12:46:49   SEND_PORT_CONNECT.1 <PORT=227643;CONNECT=227433;>
12:46:49   SEND_PORT_CONNECT.2 <PORT=227643;CONNECT=227433;>
12:46:49   SEND_PORT_CONNECT.1 <PORT=227644;CONNECT=227434;>
12:46:49   SEND_PORT_CONNECT.2 <PORT=227644;CONNECT=227434;>
12:46:49   SEND_PORT_CONNECT.1 <PORT=227645;CONNECT=227435;>
12:46:49   SEND_PORT_CONNECT.2 <PORT=227645;CONNECT=227435;>
12:46:49   SEND_PORT_CONNECT.1 <PORT=227646;CONNECT=227436;>
12:46:49   SEND_PORT_CONNECT.2 <PORT=227646;CONNECT=227436;>
12:46:49   SEND_PORT_CONNECT.1 <PORT=227647;CONNECT=227437;>
12:46:49   SEND_PORT_CONNECT.2 <PORT=227647;CONNECT=227437;>
12:46:49   SEND_PORT_CONNECT.1 <PORT=227648;CONNECT=227438;>
12:46:49   SEND_PORT_CONNECT.2 <PORT=227648;CONNECT=227438;>
12:46:49   SEND_PORT_CONNECT.1 <PORT=227649;CONNECT=227439;>
12:46:49   SEND_PORT_CONNECT.2 <PORT=227649;CONNECT=227439;>
12:46:49   SEND_PORT_CONNECT.1 <PORT=227650;CONNECT=227440;>
12:46:49   SEND_PORT_CONNECT.2 <PORT=227650;CONNECT=227440;>
12:46:49   SEND_PORT_CONNECT.1 <PORT=227651;CONNECT=227441;>
12:46:49   SEND_PORT_CONNECT.2 <PORT=227651;CONNECT=227441;>
12:46:49   SEND_PORT_CONNECT.1 <PORT=227653;CONNECT=227472;>
12:46:49   SEND_PORT_CONNECT.2 <PORT=227653;CONNECT=227472;>
12:46:49   SEND_PORT_CONNECT.1 <PORT=227654;CONNECT=227473;>
12:46:49   SEND_PORT_CONNECT.2 <PORT=227654;CONNECT=227473;>
12:46:49   SEND_PORT_CONNECT.1 <PORT=227655;CONNECT=227474;>
12:46:49   SEND_PORT_CONNECT.2 <PORT=227655;CONNECT=227474;>
12:46:49   SEND_PORT_CONNECT.1 <PORT=227656;CONNECT=227475;>
12:46:49   SEND_PORT_CONNECT.2 <PORT=227656;CONNECT=227475;>
12:46:49   SEND_PORT_CONNECT.1 <PORT=227657;CONNECT=227476;>
12:46:49   SEND_PORT_CONNECT.2 <PORT=227657;CONNECT=227476;>
12:46:49   SEND_PORT_CONNECT.1 <PORT=227658;CONNECT=227477;>
12:46:49   SEND_PORT_CONNECT.2 <PORT=227658;CONNECT=227477;>
12:46:49   SEND_PORT_CONNECT.1 <PORT=227659;CONNECT=227478;>
12:46:49   SEND_PORT_CONNECT.2 <PORT=227659;CONNECT=227478;>
12:46:49   SEND_PORT_CONNECT.1 <PORT=227660;CONNECT=227479;>
12:46:49   SEND_PORT_CONNECT.2 <PORT=227660;CONNECT=227479;>
12:46:49   SEND_PORT_CONNECT.1 <PORT=227661;CONNECT=227480;>
12:46:49   SEND_PORT_CONNECT.2 <PORT=227661;CONNECT=227480;>
12:46:49   SEND_PORT_CONNECT.1 <PORT=227662;CONNECT=227481;>
12:46:49   SEND_PORT_CONNECT.2 <PORT=227662;CONNECT=227481;>
12:46:49   SEND_PORT_CONNECT.1 <PORT=227663;CONNECT=227482;>
12:46:49   SEND_PORT_CONNECT.2 <PORT=227663;CONNECT=227482;>
12:46:49   SEND_PORT_CONNECT.1 <PORT=227664;CONNECT=227483;>
12:46:49   SEND_PORT_CONNECT.2 <PORT=227664;CONNECT=227483;>
12:46:49   SEND_PORT_CONNECT.1 <PORT=227665;CONNECT=227484;>
12:46:49   SEND_PORT_CONNECT.2 <PORT=227665;CONNECT=227484;>
12:46:49   SEND_PORT_CONNECT.1 <PORT=227666;CONNECT=227485;>
12:46:49   SEND_PORT_CONNECT.2 <PORT=227666;CONNECT=227485;>
12:46:49   SEND_PORT_CONNECT.1 <PORT=227667;CONNECT=227486;>
12:46:49   SEND_PORT_CONNECT.2 <PORT=227667;CONNECT=227486;>
12:46:49   SEND_PORT_CONNECT.1 <PORT=227668;CONNECT=227487;>
12:46:49   SEND_PORT_CONNECT.2 <PORT=227668;CONNECT=227487;>
12:46:49   SEND_PORT_CONNECT.1 <PORT=227669;CONNECT=227488;>
12:46:49   SEND_PORT_CONNECT.2 <PORT=227669;CONNECT=227488;>
12:46:49   SEND_PORT_CONNECT.1 <PORT=227670;CONNECT=227489;>
12:46:49   SEND_PORT_CONNECT.2 <PORT=227670;CONNECT=227489;>
12:46:49   SEND_PORT_CONNECT.1 <PORT=227671;CONNECT=227490;>
12:46:49   SEND_PORT_CONNECT.2 <PORT=227671;CONNECT=227490;>
12:46:49   SEND_PORT_CONNECT.1 <PORT=227672;CONNECT=227491;>
12:46:49   SEND_PORT_CONNECT.2 <PORT=227672;CONNECT=227491;>
12:46:49   SEND_PORT_CONNECT.1 <PORT=227673;CONNECT=227492;>
12:46:49   SEND_PORT_CONNECT.2 <PORT=227673;CONNECT=227492;>
12:46:49   SEND_PORT_CONNECT.1 <PORT=227674;CONNECT=227493;>
12:46:49   SEND_PORT_CONNECT.2 <PORT=227674;CONNECT=227493;>
12:46:49   SEND_PORT_CONNECT.1 <PORT=227675;CONNECT=227494;>
12:46:49   SEND_PORT_CONNECT.2 <PORT=227675;CONNECT=227494;>
12:46:49   SEND_PORT_CONNECT.1 <PORT=227676;CONNECT=227495;>
12:46:49   SEND_PORT_CONNECT.2 <PORT=227676;CONNECT=227495;>
12:46:49   SEND_PORT_CONNECT.1 <PORT=227677;CONNECT=227496;>
12:46:49   SEND_PORT_CONNECT.2 <PORT=227677;CONNECT=227496;>
12:46:49   SEND_PORT_CONNECT.1 <PORT=227678;CONNECT=227497;>
12:46:49   SEND_PORT_CONNECT.2 <PORT=227678;CONNECT=227497;>
12:46:49   SEND_PORT_CONNECT.1 <PORT=227679;CONNECT=227498;>
12:46:49   SEND_PORT_CONNECT.2 <PORT=227679;CONNECT=227498;>
12:46:49   SEND_PORT_CONNECT.1 <PORT=227680;CONNECT=227499;>
12:46:49   SEND_PORT_CONNECT.2 <PORT=227680;CONNECT=227499;>
12:46:49   SEND_PORT_CONNECT.1 <PORT=227681;CONNECT=227500;>
12:46:49   SEND_PORT_CONNECT.2 <PORT=227681;CONNECT=227500;>
12:46:49   SEND_PORT_CONNECT.1 <PORT=227682;CONNECT=227501;>
12:46:49   SEND_PORT_CONNECT.2 <PORT=227682;CONNECT=227501;>
12:46:49   >>>>>>>ANALIZE=FALSE - ID=14932
12:46:53   SEND_PORT_CONNECT.1 <PORT=234015;CONNECT=234437;>
12:46:53   SEND_PORT_CONNECT.2 <PORT=234015;CONNECT=234437;>
12:46:53   SEND_PORT_CONNECT.1 <PORT=234016;CONNECT=234438;>
12:46:53   SEND_PORT_CONNECT.2 <PORT=234016;CONNECT=234438;>
12:46:53   SEND_PORT_CONNECT.1 <PORT=234017;CONNECT=234439;>
12:46:53   SEND_PORT_CONNECT.2 <PORT=234017;CONNECT=234439;>
12:46:53   SEND_PORT_CONNECT.1 <PORT=234018;CONNECT=234440;>
12:46:53   SEND_PORT_CONNECT.2 <PORT=234018;CONNECT=234440;>
12:46:53   SEND_PORT_CONNECT.1 <PORT=234019;CONNECT=234441;>
12:46:53   SEND_PORT_CONNECT.2 <PORT=234019;CONNECT=234441;>
12:46:53   SEND_PORT_CONNECT.1 <PORT=234021;CONNECT=234455;>
12:46:53   SEND_PORT_CONNECT.2 <PORT=234021;CONNECT=234455;>
12:46:53   SEND_PORT_CONNECT.1 <PORT=234024;CONNECT=234456;>
12:46:53   SEND_PORT_CONNECT.2 <PORT=234024;CONNECT=234456;>
12:46:53   SEND_PORT_CONNECT.1 <PORT=234085;CONNECT=234457;>
12:46:53   SEND_PORT_CONNECT.2 <PORT=234085;CONNECT=234457;>
12:46:53   BEARER 128K
12:46:53   BEARER 128K
12:46:53   SEND_PORT_CONNECT.1 <PORT=234034;CONNECT=234460;>
12:46:53   SEND_PORT_CONNECT.2 <PORT=234034;CONNECT=234460;>
12:46:54   SEND_PORT_CONNECT.1 <PORT=229068;CONNECT=229495;>
12:46:54   SEND_PORT_CONNECT.2 <PORT=229068;CONNECT=229495;>
12:46:54   SEND_PORT_CONNECT.1 <PORT=229069;CONNECT=229496;>
12:46:54   SEND_PORT_CONNECT.2 <PORT=229069;CONNECT=229496;>
12:46:54   SEND_PORT_CONNECT.1 <PORT=229070;CONNECT=229497;>
12:46:54   SEND_PORT_CONNECT.2 <PORT=229070;CONNECT=229497;>
12:46:54   SEND_PORT_CONNECT.1 <PORT=229071;CONNECT=229498;>
12:46:54   SEND_PORT_CONNECT.2 <PORT=229071;CONNECT=229498;>
12:46:54   SEND_PORT_CONNECT.1 <PORT=229072;CONNECT=229499;>
12:46:54   SEND_PORT_CONNECT.2 <PORT=229072;CONNECT=229499;>
12:46:54   SEND_PORT_CONNECT.1 <PORT=229081;CONNECT=229503;>
12:46:54   SEND_PORT_CONNECT.2 <PORT=229081;CONNECT=229503;>
12:46:54   SEND_PORT_CONNECT.1 <PORT=229083;CONNECT=229504;>
12:46:54   SEND_PORT_CONNECT.2 <PORT=229083;CONNECT=229504;>
12:46:54   SEND_PORT_CONNECT.1 <PORT=229080;CONNECT=229505;>
12:46:54   SEND_PORT_CONNECT.2 <PORT=229080;CONNECT=229505;>
12:46:54   BEARER 128K
12:46:54   BEARER 128K
12:46:54   SEND_PORT_CONNECT.1 <PORT=229094;CONNECT=229508;>
12:46:54   SEND_PORT_CONNECT.2 <PORT=229094;CONNECT=229508;>
12:46:58   SEND_PORT_CONNECT.1 <PORT=225696;CONNECT=226819;>
12:46:58   SEND_PORT_CONNECT.2 <PORT=225696;CONNECT=226819;>
12:46:58   SEND_PORT_CONNECT.1 <PORT=225697;CONNECT=226820;>
12:46:58   SEND_PORT_CONNECT.2 <PORT=225697;CONNECT=226820;>
12:46:58   SEND_PORT_CONNECT.1 <PORT=225698;CONNECT=226821;>
12:46:58   SEND_PORT_CONNECT.2 <PORT=225698;CONNECT=226821;>
12:46:58   SEND_PORT_CONNECT.1 <PORT=225742;CONNECT=226825;>
12:46:58   SEND_PORT_CONNECT.2 <PORT=225742;CONNECT=226825;>
12:46:58   SEND_PORT_CONNECT.1 <PORT=225743;CONNECT=226826;>
12:46:58   SEND_PORT_CONNECT.2 <PORT=225743;CONNECT=226826;>
12:46:58   SEND_PORT_CONNECT.1 <PORT=225744;CONNECT=226827;>
12:46:58   SEND_PORT_CONNECT.2 <PORT=225744;CONNECT=226827;>
12:46:58   SEND_PORT_CONNECT.1 <PORT=225692;CONNECT=226844;>
12:46:58   SEND_PORT_CONNECT.2 <PORT=225692;CONNECT=226844;>
12:46:58   SEND_PORT_CONNECT.1 <PORT=225693;CONNECT=226845;>
12:46:58   SEND_PORT_CONNECT.2 <PORT=225693;CONNECT=226845;>
12:46:58   SEND_PORT_CONNECT.1 <PORT=225694;CONNECT=226846;>
12:46:58   SEND_PORT_CONNECT.2 <PORT=225694;CONNECT=226846;>
12:46:58   SEND_PORT_CONNECT.1 <PORT=225695;CONNECT=226847;>
12:46:58   SEND_PORT_CONNECT.2 <PORT=225695;CONNECT=226847;>
12:46:58   BEARER 960K
12:46:58   BEARER 960K
12:46:58   SEND_PORT_CONNECT.1 <PORT=225757;CONNECT=226862;>
12:46:58   SEND_PORT_CONNECT.2 <PORT=225757;CONNECT=226862;>
12:46:58   SEND_PORT_CONNECT.1 <PORT=225682;CONNECT=226868;>
12:46:58   SEND_PORT_CONNECT.2 <PORT=225682;CONNECT=226868;>
12:46:58   SEND_PORT_CONNECT.1 <PORT=225683;CONNECT=226869;>
12:46:58   SEND_PORT_CONNECT.2 <PORT=225683;CONNECT=226869;>
12:46:58   SEND_PORT_CONNECT.1 <PORT=225684;CONNECT=226870;>
12:46:58   SEND_PORT_CONNECT.2 <PORT=225684;CONNECT=226870;>
12:46:58   SEND_PORT_CONNECT.1 <PORT=225685;CONNECT=226871;>
12:46:58   SEND_PORT_CONNECT.2 <PORT=225685;CONNECT=226871;>
12:46:58   SEND_PORT_CONNECT.1 <PORT=225686;CONNECT=226872;>
12:46:58   SEND_PORT_CONNECT.2 <PORT=225686;CONNECT=226872;>
12:46:58   SEND_PORT_CONNECT.1 <PORT=225687;CONNECT=226878;>
12:46:58   SEND_PORT_CONNECT.2 <PORT=225687;CONNECT=226878;>
12:46:58   SEND_PORT_CONNECT.1 <PORT=225688;CONNECT=226879;>
12:46:58   SEND_PORT_CONNECT.2 <PORT=225688;CONNECT=226879;>
12:46:58   SEND_PORT_CONNECT.1 <PORT=225689;CONNECT=226880;>
12:46:58   SEND_PORT_CONNECT.2 <PORT=225689;CONNECT=226880;>
12:46:58   SEND_PORT_CONNECT.1 <PORT=225690;CONNECT=226881;>
12:46:58   SEND_PORT_CONNECT.2 <PORT=225690;CONNECT=226881;>
12:46:58   SEND_PORT_CONNECT.1 <PORT=225691;CONNECT=226882;>
12:46:58   SEND_PORT_CONNECT.2 <PORT=225691;CONNECT=226882;>
12:46:58   SEND_PORT_CONNECT.1 <PORT=225700;CONNECT=226888;>
12:46:58   SEND_PORT_CONNECT.2 <PORT=225700;CONNECT=226888;>
12:46:58   SEND_PORT_CONNECT.1 <PORT=225701;CONNECT=226889;>
12:46:58   SEND_PORT_CONNECT.2 <PORT=225701;CONNECT=226889;>
12:46:58   SEND_PORT_CONNECT.1 <PORT=225702;CONNECT=226890;>
12:46:58   SEND_PORT_CONNECT.2 <PORT=225702;CONNECT=226890;>
12:46:58   SEND_PORT_CONNECT.1 <PORT=225703;CONNECT=226891;>
12:46:58   SEND_PORT_CONNECT.2 <PORT=225703;CONNECT=226891;>
12:46:58   SEND_PORT_CONNECT.1 <PORT=225705;CONNECT=226898;>
12:46:58   SEND_PORT_CONNECT.2 <PORT=225705;CONNECT=226898;>
12:46:58   SEND_PORT_CONNECT.1 <PORT=225706;CONNECT=226899;>
12:46:58   SEND_PORT_CONNECT.2 <PORT=225706;CONNECT=226899;>
12:46:58   SEND_PORT_CONNECT.1 <PORT=225707;CONNECT=226900;>
12:46:58   SEND_PORT_CONNECT.2 <PORT=225707;CONNECT=226900;>
12:46:58   SEND_PORT_CONNECT.1 <PORT=225708;CONNECT=226901;>
12:46:58   SEND_PORT_CONNECT.2 <PORT=225708;CONNECT=226901;>
12:46:58   SEND_PORT_CONNECT.1 <PORT=225709;CONNECT=226902;>
12:46:58   SEND_PORT_CONNECT.2 <PORT=225709;CONNECT=226902;>
12:46:58   SEND_PORT_CONNECT.1 <PORT=225746;CONNECT=226908;>
12:46:58   SEND_PORT_CONNECT.2 <PORT=225746;CONNECT=226908;>
12:46:58   SEND_PORT_CONNECT.1 <PORT=225747;CONNECT=226909;>
12:46:58   SEND_PORT_CONNECT.2 <PORT=225747;CONNECT=226909;>
12:46:58   SEND_PORT_CONNECT.1 <PORT=225748;CONNECT=226910;>
12:46:58   SEND_PORT_CONNECT.2 <PORT=225748;CONNECT=226910;>
12:46:58   SEND_PORT_CONNECT.1 <PORT=225749;CONNECT=226911;>
12:46:58   SEND_PORT_CONNECT.2 <PORT=225749;CONNECT=226911;>
12:46:58   SEND_PORT_CONNECT.1 <PORT=225750;CONNECT=226912;>
12:46:58   SEND_PORT_CONNECT.2 <PORT=225750;CONNECT=226912;>
12:46:58   SEND_PORT_CONNECT.1 <PORT=225751;CONNECT=226918;>
12:46:58   SEND_PORT_CONNECT.2 <PORT=225751;CONNECT=226918;>
12:46:58   SEND_PORT_CONNECT.1 <PORT=225752;CONNECT=226919;>
12:46:58   SEND_PORT_CONNECT.2 <PORT=225752;CONNECT=226919;>
12:46:58   SEND_PORT_CONNECT.1 <PORT=225753;CONNECT=226920;>
12:46:58   SEND_PORT_CONNECT.2 <PORT=225753;CONNECT=226920;>
12:46:58   SEND_PORT_CONNECT.1 <PORT=225754;CONNECT=226921;>
12:46:58   SEND_PORT_CONNECT.2 <PORT=225754;CONNECT=226921;>
12:46:58   SEND_PORT_CONNECT.1 <PORT=225755;CONNECT=226922;>
12:46:58   SEND_PORT_CONNECT.2 <PORT=225755;CONNECT=226922;>
12:46:59   SEND_PORT_CONNECT.1 <PORT=226118;CONNECT=226976;>
12:46:59   SEND_PORT_CONNECT.2 <PORT=226118;CONNECT=226976;>
12:46:59   SEND_PORT_CONNECT.1 <PORT=226119;CONNECT=226977;>
12:46:59   SEND_PORT_CONNECT.2 <PORT=226119;CONNECT=226977;>
12:46:59   SEND_PORT_CONNECT.1 <PORT=226120;CONNECT=226978;>
12:46:59   SEND_PORT_CONNECT.2 <PORT=226120;CONNECT=226978;>
12:46:59   SEND_PORT_CONNECT.1 <PORT=226164;CONNECT=226982;>
12:46:59   SEND_PORT_CONNECT.2 <PORT=226164;CONNECT=226982;>
12:46:59   SEND_PORT_CONNECT.1 <PORT=226165;CONNECT=226983;>
12:46:59   SEND_PORT_CONNECT.2 <PORT=226165;CONNECT=226983;>
12:46:59   SEND_PORT_CONNECT.1 <PORT=226166;CONNECT=226984;>
12:46:59   SEND_PORT_CONNECT.2 <PORT=226166;CONNECT=226984;>
12:46:59   SEND_PORT_CONNECT.1 <PORT=226114;CONNECT=227001;>
12:46:59   SEND_PORT_CONNECT.2 <PORT=226114;CONNECT=227001;>
12:46:59   SEND_PORT_CONNECT.1 <PORT=226115;CONNECT=227002;>
12:46:59   SEND_PORT_CONNECT.2 <PORT=226115;CONNECT=227002;>
12:46:59   SEND_PORT_CONNECT.1 <PORT=226116;CONNECT=227003;>
12:46:59   SEND_PORT_CONNECT.2 <PORT=226116;CONNECT=227003;>
12:46:59   SEND_PORT_CONNECT.1 <PORT=226117;CONNECT=227004;>
12:46:59   SEND_PORT_CONNECT.2 <PORT=226117;CONNECT=227004;>
12:46:59   BEARER 960K
12:46:59   BEARER 960K
12:46:59   SEND_PORT_CONNECT.1 <PORT=226179;CONNECT=227019;>
12:46:59   SEND_PORT_CONNECT.2 <PORT=226179;CONNECT=227019;>
12:46:59   SEND_PORT_CONNECT.1 <PORT=226104;CONNECT=227025;>
12:46:59   SEND_PORT_CONNECT.2 <PORT=226104;CONNECT=227025;>
12:46:59   SEND_PORT_CONNECT.1 <PORT=226105;CONNECT=227026;>
12:46:59   SEND_PORT_CONNECT.2 <PORT=226105;CONNECT=227026;>
12:46:59   SEND_PORT_CONNECT.1 <PORT=226106;CONNECT=227027;>
12:46:59   SEND_PORT_CONNECT.2 <PORT=226106;CONNECT=227027;>
12:46:59   SEND_PORT_CONNECT.1 <PORT=226107;CONNECT=227028;>
12:46:59   SEND_PORT_CONNECT.2 <PORT=226107;CONNECT=227028;>
12:46:59   SEND_PORT_CONNECT.1 <PORT=226108;CONNECT=227029;>
12:46:59   SEND_PORT_CONNECT.2 <PORT=226108;CONNECT=227029;>
12:46:59   SEND_PORT_CONNECT.1 <PORT=226109;CONNECT=227035;>
12:46:59   SEND_PORT_CONNECT.2 <PORT=226109;CONNECT=227035;>
12:46:59   SEND_PORT_CONNECT.1 <PORT=226110;CONNECT=227036;>
12:46:59   SEND_PORT_CONNECT.2 <PORT=226110;CONNECT=227036;>
12:46:59   SEND_PORT_CONNECT.1 <PORT=226111;CONNECT=227037;>
12:46:59   SEND_PORT_CONNECT.2 <PORT=226111;CONNECT=227037;>
12:46:59   SEND_PORT_CONNECT.1 <PORT=226112;CONNECT=227038;>
12:46:59   SEND_PORT_CONNECT.2 <PORT=226112;CONNECT=227038;>
12:46:59   SEND_PORT_CONNECT.1 <PORT=226113;CONNECT=227039;>
12:46:59   SEND_PORT_CONNECT.2 <PORT=226113;CONNECT=227039;>
12:46:59   SEND_PORT_CONNECT.1 <PORT=226122;CONNECT=227045;>
12:46:59   SEND_PORT_CONNECT.2 <PORT=226122;CONNECT=227045;>
12:46:59   SEND_PORT_CONNECT.1 <PORT=226123;CONNECT=227046;>
12:46:59   SEND_PORT_CONNECT.2 <PORT=226123;CONNECT=227046;>
12:46:59   SEND_PORT_CONNECT.1 <PORT=226124;CONNECT=227047;>
12:46:59   SEND_PORT_CONNECT.2 <PORT=226124;CONNECT=227047;>
12:46:59   SEND_PORT_CONNECT.1 <PORT=226125;CONNECT=227048;>
12:46:59   SEND_PORT_CONNECT.2 <PORT=226125;CONNECT=227048;>
12:46:59   SEND_PORT_CONNECT.1 <PORT=226127;CONNECT=227055;>
12:46:59   SEND_PORT_CONNECT.2 <PORT=226127;CONNECT=227055;>
12:46:59   SEND_PORT_CONNECT.1 <PORT=226128;CONNECT=227056;>
12:46:59   SEND_PORT_CONNECT.2 <PORT=226128;CONNECT=227056;>
12:46:59   SEND_PORT_CONNECT.1 <PORT=226129;CONNECT=227057;>
12:46:59   SEND_PORT_CONNECT.2 <PORT=226129;CONNECT=227057;>
12:46:59   SEND_PORT_CONNECT.1 <PORT=226130;CONNECT=227058;>
12:46:59   SEND_PORT_CONNECT.2 <PORT=226130;CONNECT=227058;>
12:46:59   SEND_PORT_CONNECT.1 <PORT=226131;CONNECT=227059;>
12:46:59   SEND_PORT_CONNECT.2 <PORT=226131;CONNECT=227059;>
12:47:01   SEND_PORT_CONNECT.1 <PORT=230593;CONNECT=231021;>
12:47:01   SEND_PORT_CONNECT.2 <PORT=230593;CONNECT=231021;>
12:47:01   SEND_PORT_CONNECT.1 <PORT=230594;CONNECT=231022;>
12:47:01   SEND_PORT_CONNECT.2 <PORT=230594;CONNECT=231022;>
12:47:01   SEND_PORT_CONNECT.1 <PORT=230595;CONNECT=231023;>
12:47:01   SEND_PORT_CONNECT.2 <PORT=230595;CONNECT=231023;>
12:47:01   SEND_PORT_CONNECT.1 <PORT=230596;CONNECT=231024;>
12:47:01   SEND_PORT_CONNECT.2 <PORT=230596;CONNECT=231024;>
12:47:01   SEND_PORT_CONNECT.1 <PORT=230597;CONNECT=231053;>
12:47:01   SEND_PORT_CONNECT.2 <PORT=230597;CONNECT=231053;>
12:47:01   SEND_PORT_CONNECT.1 <PORT=228029;CONNECT=228457;>
12:47:01   SEND_PORT_CONNECT.1 <PORT=230598;CONNECT=231054;>
12:47:01   SEND_PORT_CONNECT.2 <PORT=228029;CONNECT=228457;>
12:47:01   SEND_PORT_CONNECT.2 <PORT=230598;CONNECT=231054;>
12:47:01   SEND_PORT_CONNECT.1 <PORT=228030;CONNECT=228458;>
12:47:01   SEND_PORT_CONNECT.1 <PORT=230599;CONNECT=231055;>
12:47:01   SEND_PORT_CONNECT.2 <PORT=228030;CONNECT=228458;>
12:47:01   SEND_PORT_CONNECT.2 <PORT=230599;CONNECT=231055;>
12:47:01   SEND_PORT_CONNECT.1 <PORT=228031;CONNECT=228459;>
12:47:01   SEND_PORT_CONNECT.1 <PORT=230600;CONNECT=231056;>
12:47:01   SEND_PORT_CONNECT.2 <PORT=228031;CONNECT=228459;>
12:47:01   SEND_PORT_CONNECT.2 <PORT=230600;CONNECT=231056;>
12:47:01   SEND_PORT_CONNECT.1 <PORT=228032;CONNECT=228460;>
12:47:01   SEND_PORT_CONNECT.2 <PORT=228032;CONNECT=228460;>
12:47:01   SEND_PORT_CONNECT.1 <PORT=228033;CONNECT=228489;>
12:47:01   SEND_PORT_CONNECT.2 <PORT=228033;CONNECT=228489;>
12:47:01   SEND_PORT_CONNECT.1 <PORT=228034;CONNECT=228490;>
12:47:01   SEND_PORT_CONNECT.2 <PORT=228034;CONNECT=228490;>
12:47:01   SEND_PORT_CONNECT.1 <PORT=230583;CONNECT=231106;>
12:47:01   SEND_PORT_CONNECT.2 <PORT=230583;CONNECT=231106;>
12:47:01   SEND_PORT_CONNECT.1 <PORT=228035;CONNECT=228491;>
12:47:01   SEND_PORT_CONNECT.1 <PORT=230584;CONNECT=231107;>
12:47:01   SEND_PORT_CONNECT.2 <PORT=228035;CONNECT=228491;>
12:47:01   SEND_PORT_CONNECT.2 <PORT=230584;CONNECT=231107;>
12:47:01   SEND_PORT_CONNECT.1 <PORT=228036;CONNECT=228492;>
12:47:01   SEND_PORT_CONNECT.1 <PORT=230585;CONNECT=231108;>
12:47:01   SEND_PORT_CONNECT.2 <PORT=228036;CONNECT=228492;>
12:47:01   SEND_PORT_CONNECT.2 <PORT=230585;CONNECT=231108;>
12:47:01   SEND_PORT_CONNECT.1 <PORT=230586;CONNECT=231109;>
12:47:01   SEND_PORT_CONNECT.2 <PORT=230586;CONNECT=231109;>
12:47:01   SEND_PORT_CONNECT.1 <PORT=230587;CONNECT=231110;>
12:47:01   SEND_PORT_CONNECT.2 <PORT=230587;CONNECT=231110;>
12:47:01   SEND_PORT_CONNECT.1 <PORT=230588;CONNECT=231116;>
12:47:01   SEND_PORT_CONNECT.2 <PORT=230588;CONNECT=231116;>
12:47:01   SEND_PORT_CONNECT.1 <PORT=228047;CONNECT=228521;>
12:47:01   SEND_PORT_CONNECT.1 <PORT=230589;CONNECT=231117;>
12:47:01   SEND_PORT_CONNECT.2 <PORT=228047;CONNECT=228521;>
12:47:01   SEND_PORT_CONNECT.2 <PORT=230589;CONNECT=231117;>
12:47:01   SEND_PORT_CONNECT.1 <PORT=228048;CONNECT=228522;>
12:47:01   SEND_PORT_CONNECT.1 <PORT=230590;CONNECT=231118;>
12:47:01   SEND_PORT_CONNECT.2 <PORT=228048;CONNECT=228522;>
12:47:01   SEND_PORT_CONNECT.2 <PORT=230590;CONNECT=231118;>
12:47:01   SEND_PORT_CONNECT.1 <PORT=228079;CONNECT=228523;>
12:47:01   SEND_PORT_CONNECT.1 <PORT=230591;CONNECT=231119;>
12:47:01   SEND_PORT_CONNECT.2 <PORT=230591;CONNECT=231119;>
12:47:01   SEND_PORT_CONNECT.1 <PORT=230592;CONNECT=231120;>
12:47:01   SEND_PORT_CONNECT.1 <PORT=228080;CONNECT=228524;>
12:47:01   SEND_PORT_CONNECT.2 <PORT=230592;CONNECT=231120;>
12:47:01   SEND_PORT_CONNECT.2 <PORT=228080;CONNECT=228524;>
12:47:01   BEARER 960K
12:47:01   BEARER 960K
12:47:01   SEND_PORT_CONNECT.1 <PORT=230658;CONNECT=231163;>
12:47:01   SEND_PORT_CONNECT.2 <PORT=230658;CONNECT=231163;>
12:47:01   SEND_PORT_CONNECT.1 <PORT=228019;CONNECT=228542;>
12:47:01   SEND_PORT_CONNECT.2 <PORT=228019;CONNECT=228542;>
12:47:01   SEND_PORT_CONNECT.1 <PORT=228020;CONNECT=228543;>
12:47:01   SEND_PORT_CONNECT.2 <PORT=228020;CONNECT=228543;>
12:47:01   SEND_PORT_CONNECT.1 <PORT=228021;CONNECT=228544;>
12:47:01   SEND_PORT_CONNECT.2 <PORT=228021;CONNECT=228544;>
12:47:01   SEND_PORT_CONNECT.1 <PORT=228022;CONNECT=228545;>
12:47:01   SEND_PORT_CONNECT.2 <PORT=228022;CONNECT=228545;>
12:47:01   SEND_PORT_CONNECT.1 <PORT=228023;CONNECT=228546;>
12:47:01   SEND_PORT_CONNECT.2 <PORT=228023;CONNECT=228546;>
12:47:01   SEND_PORT_CONNECT.1 <PORT=228024;CONNECT=228552;>
12:47:01   SEND_PORT_CONNECT.2 <PORT=228024;CONNECT=228552;>
12:47:01   SEND_PORT_CONNECT.1 <PORT=228025;CONNECT=228553;>
12:47:01   SEND_PORT_CONNECT.2 <PORT=228025;CONNECT=228553;>
12:47:01   SEND_PORT_CONNECT.1 <PORT=228026;CONNECT=228554;>
12:47:01   SEND_PORT_CONNECT.2 <PORT=228026;CONNECT=228554;>
12:47:01   SEND_PORT_CONNECT.1 <PORT=228027;CONNECT=228555;>
12:47:01   SEND_PORT_CONNECT.2 <PORT=228027;CONNECT=228555;>
12:47:01   SEND_PORT_CONNECT.1 <PORT=228028;CONNECT=228556;>
12:47:01   SEND_PORT_CONNECT.2 <PORT=228028;CONNECT=228556;>
12:47:01   SEND_PORT_CONNECT.1 <PORT=228037;CONNECT=228562;>
12:47:01   SEND_PORT_CONNECT.2 <PORT=228037;CONNECT=228562;>
12:47:01   SEND_PORT_CONNECT.1 <PORT=228038;CONNECT=228563;>
12:47:01   SEND_PORT_CONNECT.2 <PORT=228038;CONNECT=228563;>
12:47:01   SEND_PORT_CONNECT.1 <PORT=228039;CONNECT=228564;>
12:47:01   SEND_PORT_CONNECT.2 <PORT=228039;CONNECT=228564;>
12:47:01   SEND_PORT_CONNECT.1 <PORT=228040;CONNECT=228565;>
12:47:01   SEND_PORT_CONNECT.2 <PORT=228040;CONNECT=228565;>
12:47:01   SEND_PORT_CONNECT.1 <PORT=228042;CONNECT=228572;>
12:47:01   SEND_PORT_CONNECT.2 <PORT=228042;CONNECT=228572;>
12:47:01   SEND_PORT_CONNECT.1 <PORT=228043;CONNECT=228573;>
12:47:01   SEND_PORT_CONNECT.2 <PORT=228043;CONNECT=228573;>
12:47:01   SEND_PORT_CONNECT.1 <PORT=228044;CONNECT=228574;>
12:47:01   SEND_PORT_CONNECT.2 <PORT=228044;CONNECT=228574;>
12:47:01   SEND_PORT_CONNECT.1 <PORT=228045;CONNECT=228575;>
12:47:01   SEND_PORT_CONNECT.2 <PORT=228045;CONNECT=228575;>
12:47:01   SEND_PORT_CONNECT.1 <PORT=228046;CONNECT=228576;>
12:47:01   SEND_PORT_CONNECT.2 <PORT=228046;CONNECT=228576;>
12:47:01   BEARER 960K
12:47:01   BEARER 960K
12:47:01   SEND_PORT_CONNECT.1 <PORT=228094;CONNECT=228579;>
12:47:01   SEND_PORT_CONNECT.2 <PORT=228094;CONNECT=228579;>
12:47:02   SEND_PORT_CONNECT.1 <PORT=233410;CONNECT=233825;>
12:47:02   SEND_PORT_CONNECT.2 <PORT=233410;CONNECT=233825;>
12:47:02   SEND_PORT_CONNECT.1 <PORT=233411;CONNECT=233826;>
12:47:02   SEND_PORT_CONNECT.2 <PORT=233411;CONNECT=233826;>
12:47:02   SEND_PORT_CONNECT.1 <PORT=233412;CONNECT=233827;>
12:47:02   SEND_PORT_CONNECT.2 <PORT=233412;CONNECT=233827;>
12:47:02   SEND_PORT_CONNECT.1 <PORT=233400;CONNECT=233909;>
12:47:02   SEND_PORT_CONNECT.2 <PORT=233400;CONNECT=233909;>
12:47:02   SEND_PORT_CONNECT.1 <PORT=233401;CONNECT=233910;>
12:47:02   SEND_PORT_CONNECT.2 <PORT=233401;CONNECT=233910;>
12:47:02   SEND_PORT_CONNECT.1 <PORT=233402;CONNECT=233911;>
12:47:02   SEND_PORT_CONNECT.2 <PORT=233402;CONNECT=233911;>
12:47:02   SEND_PORT_CONNECT.1 <PORT=233403;CONNECT=233912;>
12:47:02   SEND_PORT_CONNECT.2 <PORT=233403;CONNECT=233912;>
12:47:02   SEND_PORT_CONNECT.1 <PORT=233404;CONNECT=233913;>
12:47:02   SEND_PORT_CONNECT.2 <PORT=233404;CONNECT=233913;>
12:47:02   BEARER 128K
12:47:02   BEARER 128K
12:47:02   SEND_PORT_CONNECT.1 <PORT=233422;CONNECT=233946;>
12:47:02   SEND_PORT_CONNECT.2 <PORT=233422;CONNECT=233946;>
12:47:02   BEARER 128K
12:47:02   BEARER 128K
12:47:02   SEND_PORT_CONNECT.1 <PORT=233424;CONNECT=233949;>
12:47:02   SEND_PORT_CONNECT.2 <PORT=233424;CONNECT=233949;>
12:47:02   BEARER 128K
12:47:02   BEARER 128K
12:47:02   SEND_PORT_CONNECT.1 <PORT=233426;CONNECT=233952;>
12:47:02   SEND_PORT_CONNECT.2 <PORT=233426;CONNECT=233952;>
12:47:03   SEND_PORT_CONNECT.1 <PORT=227392;CONNECT=227820;>
12:47:03   SEND_PORT_CONNECT.2 <PORT=227392;CONNECT=227820;>
12:47:03   SEND_PORT_CONNECT.1 <PORT=227393;CONNECT=227821;>
12:47:03   SEND_PORT_CONNECT.2 <PORT=227393;CONNECT=227821;>
12:47:03   SEND_PORT_CONNECT.1 <PORT=227394;CONNECT=227822;>
12:47:03   SEND_PORT_CONNECT.2 <PORT=227394;CONNECT=227822;>
12:47:03   SEND_PORT_CONNECT.1 <PORT=227395;CONNECT=227823;>
12:47:03   SEND_PORT_CONNECT.2 <PORT=227395;CONNECT=227823;>
12:47:03   SEND_PORT_CONNECT.1 <PORT=227396;CONNECT=227852;>
12:47:03   SEND_PORT_CONNECT.2 <PORT=227396;CONNECT=227852;>
12:47:03   SEND_PORT_CONNECT.1 <PORT=227397;CONNECT=227853;>
12:47:03   SEND_PORT_CONNECT.2 <PORT=227397;CONNECT=227853;>
12:47:03   SEND_PORT_CONNECT.1 <PORT=227398;CONNECT=227854;>
12:47:03   SEND_PORT_CONNECT.2 <PORT=227398;CONNECT=227854;>
12:47:03   SEND_PORT_CONNECT.1 <PORT=227399;CONNECT=227855;>
12:47:03   SEND_PORT_CONNECT.2 <PORT=227399;CONNECT=227855;>
12:47:03   SEND_PORT_CONNECT.1 <PORT=227410;CONNECT=227884;>
12:47:03   SEND_PORT_CONNECT.2 <PORT=227410;CONNECT=227884;>
12:47:03   SEND_PORT_CONNECT.1 <PORT=227411;CONNECT=227885;>
12:47:03   SEND_PORT_CONNECT.2 <PORT=227411;CONNECT=227885;>
12:47:03   SEND_PORT_CONNECT.1 <PORT=227442;CONNECT=227886;>
12:47:03   SEND_PORT_CONNECT.2 <PORT=227442;CONNECT=227886;>
12:47:03   SEND_PORT_CONNECT.1 <PORT=227443;CONNECT=227887;>
12:47:03   SEND_PORT_CONNECT.2 <PORT=227443;CONNECT=227887;>
12:47:03   SEND_PORT_CONNECT.1 <PORT=227382;CONNECT=227905;>
12:47:03   SEND_PORT_CONNECT.2 <PORT=227382;CONNECT=227905;>
12:47:03   SEND_PORT_CONNECT.1 <PORT=227383;CONNECT=227906;>
12:47:03   SEND_PORT_CONNECT.2 <PORT=227383;CONNECT=227906;>
12:47:03   SEND_PORT_CONNECT.1 <PORT=227384;CONNECT=227907;>
12:47:03   SEND_PORT_CONNECT.2 <PORT=227384;CONNECT=227907;>
12:47:03   SEND_PORT_CONNECT.1 <PORT=227385;CONNECT=227908;>
12:47:03   SEND_PORT_CONNECT.2 <PORT=227385;CONNECT=227908;>
12:47:03   SEND_PORT_CONNECT.1 <PORT=227386;CONNECT=227909;>
12:47:03   SEND_PORT_CONNECT.2 <PORT=227386;CONNECT=227909;>
12:47:03   SEND_PORT_CONNECT.1 <PORT=227387;CONNECT=227915;>
12:47:03   SEND_PORT_CONNECT.2 <PORT=227387;CONNECT=227915;>
12:47:03   SEND_PORT_CONNECT.1 <PORT=227388;CONNECT=227916;>
12:47:03   SEND_PORT_CONNECT.2 <PORT=227388;CONNECT=227916;>
12:47:03   SEND_PORT_CONNECT.1 <PORT=227389;CONNECT=227917;>
12:47:03   SEND_PORT_CONNECT.2 <PORT=227389;CONNECT=227917;>
12:47:03   SEND_PORT_CONNECT.1 <PORT=227390;CONNECT=227918;>
12:47:03   SEND_PORT_CONNECT.2 <PORT=227390;CONNECT=227918;>
12:47:03   SEND_PORT_CONNECT.1 <PORT=227391;CONNECT=227919;>
12:47:03   SEND_PORT_CONNECT.2 <PORT=227391;CONNECT=227919;>
12:47:03   SEND_PORT_CONNECT.1 <PORT=227400;CONNECT=227925;>
12:47:03   SEND_PORT_CONNECT.2 <PORT=227400;CONNECT=227925;>
12:47:03   SEND_PORT_CONNECT.1 <PORT=227401;CONNECT=227926;>
12:47:03   SEND_PORT_CONNECT.2 <PORT=227401;CONNECT=227926;>
12:47:03   SEND_PORT_CONNECT.1 <PORT=227402;CONNECT=227927;>
12:47:03   SEND_PORT_CONNECT.2 <PORT=227402;CONNECT=227927;>
12:47:03   SEND_PORT_CONNECT.1 <PORT=227403;CONNECT=227928;>
12:47:03   SEND_PORT_CONNECT.2 <PORT=227403;CONNECT=227928;>
12:47:03   SEND_PORT_CONNECT.1 <PORT=227405;CONNECT=227935;>
12:47:03   SEND_PORT_CONNECT.2 <PORT=227405;CONNECT=227935;>
12:47:03   SEND_PORT_CONNECT.1 <PORT=227406;CONNECT=227936;>
12:47:03   SEND_PORT_CONNECT.2 <PORT=227406;CONNECT=227936;>
12:47:03   SEND_PORT_CONNECT.1 <PORT=227407;CONNECT=227937;>
12:47:03   SEND_PORT_CONNECT.2 <PORT=227407;CONNECT=227937;>
12:47:03   SEND_PORT_CONNECT.1 <PORT=227408;CONNECT=227938;>
12:47:03   SEND_PORT_CONNECT.2 <PORT=227408;CONNECT=227938;>
12:47:03   SEND_PORT_CONNECT.1 <PORT=227409;CONNECT=227939;>
12:47:03   SEND_PORT_CONNECT.2 <PORT=227409;CONNECT=227939;>
12:47:03   BEARER 960K
12:47:03   BEARER 960K
12:47:03   SEND_PORT_CONNECT.1 <PORT=227457;CONNECT=227942;>
12:47:03   SEND_PORT_CONNECT.2 <PORT=227457;CONNECT=227942;>
